*----------------------------------------------------------------------------------------
*	Innovus 17.11-s080_1 (64bit) 08/04/2017 11:13 (Linux 2.6.18-194.el5)
*	
*
* 	Date & Time:	2020-Oct-31 19:43:17 (2020-Oct-31 18:43:17 GMT)
*
*----------------------------------------------------------------------------------------
*
*	Design: IIR_filter
*
*	Liberty Libraries used: 
*	        MyAnView: /software/dk/nangate45/liberty/NangateOpenCellLibrary_typical_ecsm_nowlm.lib
*
*	Power Domain used: 
*		Rail:        VDD 	Voltage:        1.1 
*
*       Power View : MyAnView
*
*       User-Defined Activity : N.A.
*
*	Switching Activity File used: 
*	        ../sim/vcd/desing_period_min_x4.vcd
*			Vcd Window used(Start Time, Stop Time):(-1.66326e+14, -1.66323e+14) 
*                     Vcd Scale Factor: 1 
**                    Design annotation coverage: 0/1245 = 0% 
*
*       Hierarchical Global Activity: N.A.
*
*       Global Activity: N.A.
*
*       Sequential Element Activity: N.A.
*
*       Primary Input Activity: 0.200000
*
*       Default icg ratio: N.A.
*
*       Global Comb ClockGate Ratio: N.A.
*
*	Power Units = 1mW
*
*	Time Units = 1e-09 secs 
*
*       Temperature = 25 
*
*       report_power -outfile .//IIR_filter.rpt -rail_analysis_format VS
*
-----------------------------------------------------------------------------------------
Cell                            Internal   Switching       Total     Leakage   Cell
                                   Power       Power       Power       Power   Name
--------------------------------------------------------------------------------------
add_a0_add_16_U1_5              0.001346    0.005223    0.006636   6.759e-05  FA_X1
add_a0_add_16_U1_7              0.001364    0.005143    0.006575   6.764e-05  FA_X1
add_a0_add_16_U1_9               0.00137    0.005034    0.006472   6.766e-05  FA_X1
add_a0_add_16_U1_3              0.001287    0.004989    0.006343   6.739e-05  FA_X1
add_a0_add_16_U1_1              0.001125    0.004872    0.006063   6.662e-05  FA_X1
add_a0_add_16_U1_11             0.001366    0.004568    0.006002    6.77e-05  FA_X1
mult_b0_mult_15_U348             0.00124    0.003693    0.005005   7.259e-05  XOR2_X2
mult_b0_mult_15_U349            0.001239    0.003656    0.004968   7.259e-05  XOR2_X2
mult_b0_mult_15_U347             0.00124    0.003639    0.004951   7.259e-05  XOR2_X2
mult_b0_mult_15_U346            0.001241    0.003498    0.004812    7.26e-05  XOR2_X2
mult_b0_mult_15_U519           0.0002854    0.003113    0.003415   1.739e-05  NAND2_X1
mult_b0_mult_15_U523           0.0002862    0.003081    0.003384   1.739e-05  NAND2_X1
mult_b0_mult_15_U527           0.0002864    0.002988    0.003292   1.739e-05  NAND2_X1
mult_b0_mult_15_U515           0.0002852    0.002968    0.003271   1.739e-05  NAND2_X1
mult_b0_mult_15_U328           0.0001898    0.003057    0.003261   1.435e-05  INV_X1
mult_b0_mult_15_U320           0.0001913     0.00305    0.003256   1.435e-05  INV_X1
mult_b0_mult_15_U486           0.0002801    0.002943     0.00324   1.739e-05  NAND2_X1
reg0_Q_reg_1_                   0.001336    0.001812    0.003226   7.885e-05  DFF_X1
reg0_Q_reg_7_                   0.001377     0.00177    0.003226   7.885e-05  DFF_X1
reg0_Q_reg_5_                   0.001364    0.001721    0.003164   7.885e-05  DFF_X1
FE_DBTC5_reg_out_0             0.0001702    0.002957    0.003151   2.455e-05  INV_X2
reg0_Q_reg_9_                    0.00136    0.001641     0.00308   7.885e-05  DFF_X1
add_a0_add_16_U1_6              0.001321    0.001634    0.003023   6.762e-05  FA_X1
reg0_Q_reg_3_                   0.001344    0.001584    0.003007   7.885e-05  DFF_X1
add_a0_add_16_U1_8              0.001331    0.001601       0.003   6.765e-05  FA_X1
add_a0_add_16_U1_4              0.001289    0.001636    0.002992   6.752e-05  FA_X1
mult_a0_mult_15_U350           0.0007353    0.002117    0.002933    8.07e-05  XOR2_X2
FE_OFC0_reg_out_7              0.0002629    0.002639    0.002924   2.249e-05  BUF_X1
mult_a0_mult_15_U351           0.0007404    0.002101    0.002922    8.07e-05  XOR2_X2
mult_b1_mult_15_U346           0.0007404    0.002078    0.002899    8.07e-05  XOR2_X2
mult_b1_mult_15_U345           0.0007353     0.00207    0.002886    8.07e-05  XOR2_X2
FE_OFC4_reg_out_11             0.0002477    0.002613    0.002883   2.249e-05  BUF_X1
add_a0_add_16_U1_10             0.001332    0.001474    0.002875    6.77e-05  FA_X1
reg0_Q_reg_11_                  0.001342    0.001452    0.002873   7.885e-05  DFF_X1
mult_a0_mult_15_U349           0.0007212    0.002064    0.002866    8.07e-05  XOR2_X2
mult_b1_mult_15_U344           0.0007212    0.002058     0.00286    8.07e-05  XOR2_X2
mult_b1_mult_15_U347           0.0007268    0.002052    0.002859    8.07e-05  XOR2_X2
FE_OFC2_reg_out_5              0.0002583    0.002564    0.002844   2.249e-05  BUF_X1
mult_a0_mult_15_U352           0.0007268    0.002013     0.00282    8.07e-05  XOR2_X2
FE_OFC3_reg_out_9              0.0002556    0.002525    0.002803   2.249e-05  BUF_X1
FE_OFC5_reg_out_3               0.000251     0.00252    0.002794   2.249e-05  BUF_X1
mult_b0_mult_15_U490           0.0003062    0.002426     0.00275   1.741e-05  NAND2_X1
mult_b0_mult_15_U17             0.001448    0.001226    0.002745   7.088e-05  FA_X1
add_a0_add_16_U1_2              0.001187    0.001475     0.00273   6.714e-05  FA_X1
FE_OFC1_reg_out_1              0.0002533    0.002436    0.002712   2.249e-05  BUF_X1
mult_b0_mult_15_U16             0.001439    0.001155    0.002664   6.999e-05  FA_X1
mult_b0_mult_15_U15             0.001439    0.001145    0.002656   7.104e-05  FA_X1
mult_b0_mult_15_U54             0.001432    0.001151    0.002654   7.051e-05  FA_X1
mult_b1_mult_15_U16             0.001437    0.001088    0.002592     6.7e-05  FA_X1
mult_b0_mult_15_U48             0.001434     0.00106    0.002572   7.671e-05  FA_X1
mult_b1_mult_15_U17             0.001442    0.001044    0.002553     6.7e-05  FA_X1
mult_a0_mult_15_U39             0.001439    0.001023    0.002537   7.558e-05  FA_X1
mult_b1_mult_15_U39             0.001439    0.001015    0.002529   7.534e-05  FA_X1
mult_b0_mult_15_U14             0.001435    0.001021    0.002526   7.038e-05  FA_X1
mult_b0_mult_15_U45             0.001428    0.001021     0.00252   7.051e-05  FA_X1
mult_b1_mult_15_U38             0.001436    0.001009    0.002519   7.409e-05  FA_X1
mult_b0_mult_15_U28             0.001436    0.001004    0.002515    7.52e-05  FA_X1
mult_a0_mult_15_U17             0.001441    0.001005    0.002513     6.7e-05  FA_X1
mult_b1_mult_15_U28             0.001435    0.000993    0.002503   7.461e-05  FA_X1
mult_b1_mult_15_U11             0.001435    0.000995    0.002502   7.214e-05  FA_X1
mult_a0_mult_15_U28             0.001436   0.0009913    0.002502   7.461e-05  FA_X1
mult_b0_mult_15_U13             0.001436   0.0009918    0.002499   7.153e-05  FA_X1
mult_b0_mult_15_U33             0.001427   0.0009951    0.002493    7.02e-05  FA_X1
mult_b0_mult_15_U12             0.001435   0.0009852    0.002492   7.206e-05  FA_X1
mult_b0_mult_15_U39             0.001438   0.0009782    0.002492   7.582e-05  FA_X1
mult_b1_mult_15_U62             0.001428    0.000993    0.002487   6.561e-05  FA_X1
mult_b1_mult_15_U51             0.001433   0.0009851    0.002486    6.82e-05  FA_X1
mult_b0_mult_15_U57             0.001431    0.000987    0.002485   6.753e-05  FA_X1
mult_a0_mult_15_U62             0.001428   0.0009896    0.002483   6.561e-05  FA_X1
mult_b1_mult_15_U35             0.001433   0.0009751    0.002482   7.315e-05  FA_X1
mult_a0_mult_15_U46             0.001431   0.0009804    0.002481   6.874e-05  FA_X1
mult_a0_mult_15_U6              0.001435   0.0009716    0.002481   7.389e-05  FA_X1
mult_a0_mult_15_U38             0.001435   0.0009704    0.002479   7.403e-05  FA_X1
mult_b0_mult_15_U35             0.001434   0.0009689    0.002477   7.412e-05  FA_X1
mult_b1_mult_15_U32             0.001437   0.0009688    0.002476   7.048e-05  FA_X1
mult_b1_mult_15_U6              0.001435   0.0009656    0.002474   7.387e-05  FA_X1
mult_a0_mult_15_U51             0.001432   0.0009728    0.002473    6.82e-05  FA_X1
mult_a0_mult_15_U42             0.001433   0.0009656     0.00247   7.126e-05  FA_X1
mult_b0_mult_15_U62             0.001431   0.0009687    0.002469   6.936e-05  FA_X1
mult_a0_mult_15_U16             0.001434   0.0009681    0.002469     6.7e-05  FA_X1
mult_b0_mult_15_U68             0.001429   0.0009712    0.002468   6.712e-05  FA_X1
mult_b0_mult_15_U38             0.001434   0.0009583    0.002467   7.476e-05  FA_X1
mult_b1_mult_15_U42             0.001432   0.0009634    0.002467   7.117e-05  FA_X1
mult_b0_mult_15_U6              0.001435    0.000957    0.002466   7.431e-05  FA_X1
mult_b0_mult_15_U11             0.001435   0.0009585    0.002466   7.284e-05  FA_X1
mult_b1_mult_15_U57             0.001428   0.0009687    0.002462    6.52e-05  FA_X1
mult_b1_mult_15_U48             0.001433   0.0009536    0.002462   7.585e-05  FA_X1
mult_b0_mult_15_U42             0.001432   0.0009576    0.002462   7.183e-05  FA_X1
mult_a0_mult_15_U48             0.001433   0.0009529    0.002461   7.585e-05  FA_X1
mult_a0_mult_15_U66             0.001418   0.0009762     0.00246   6.507e-05  FA_X1
mult_b0_mult_15_U46             0.001431   0.0009569    0.002458   7.068e-05  FA_X1
mult_b0_mult_15_U32             0.001435     0.00095    0.002458   7.209e-05  FA_X1
mult_b0_mult_15_U49             0.001429   0.0009581    0.002454   6.712e-05  FA_X1
mult_b0_mult_15_U51             0.001431   0.0009525    0.002454   6.988e-05  FA_X1
mult_a0_mult_15_U32             0.001437   0.0009454    0.002453   7.071e-05  FA_X1
mult_b1_mult_15_U30             0.001423   0.0009611    0.002453   6.857e-05  FA_X1
mult_a0_mult_15_U15             0.001433    0.000948    0.002449   6.786e-05  FA_X1
mult_b0_mult_15_U64             0.001429   0.0009529    0.002449   6.712e-05  FA_X1
mult_b0_mult_15_U30             0.001427   0.0009487    0.002447   7.049e-05  FA_X1
mult_b1_mult_15_U66             0.001418   0.0009585    0.002441   6.507e-05  FA_X1
mult_b0_mult_15_U66             0.001425   0.0009477     0.00244   6.763e-05  FA_X1
mult_a0_mult_15_U14             0.001433    0.000937    0.002438   6.803e-05  FA_X1
saturation_U2                  0.0001951    0.002229    0.002437    1.21e-05  INV_X1
mult_a0_mult_15_U35             0.001432   0.0009286    0.002434   7.338e-05  FA_X1
mult_b1_mult_15_U45             0.001322    0.001043    0.002433    6.83e-05  FA_X1
mult_a0_mult_15_U57             0.001427   0.0009395    0.002432    6.52e-05  FA_X1
mult_b1_mult_15_U12             0.001433   0.0009274    0.002431    7.06e-05  FA_X1
mult_b1_mult_15_U37             0.001345    0.001017    0.002431    6.83e-05  FA_X1
mult_a0_mult_15_U30             0.001423   0.0009375    0.002429   6.857e-05  FA_X1
mult_b1_mult_15_U46              0.00143    0.000928    0.002427   6.874e-05  FA_X1
mult_b0_mult_15_U7              0.001432   0.0009222    0.002426   7.239e-05  FA_X1
mult_b1_mult_15_U15             0.001433   0.0009231    0.002424   6.786e-05  FA_X1
mult_a0_mult_15_U11             0.001433   0.0009185    0.002424   7.219e-05  FA_X1
mult_b0_mult_15_U72             0.001422   0.0009362    0.002423   6.499e-05  FA_X1
mult_b0_mult_15_U10             0.001434   0.0009158    0.002423   7.364e-05  FA_X1
mult_b1_mult_15_U13             0.001434   0.0009162     0.00242   7.016e-05  FA_X1
mult_a0_mult_15_U52              0.00143   0.0009185    0.002415   6.626e-05  FA_X1
mult_b0_mult_15_U52              0.00143   0.0009116    0.002411   6.903e-05  FA_X1
mult_a0_mult_15_U47             0.001433   0.0008896    0.002392   6.972e-05  FA_X1
mult_a0_mult_15_U9              0.001432   0.0008866    0.002392   7.344e-05  FA_X1
mult_b1_mult_15_U7              0.001432   0.0008842    0.002387   7.139e-05  FA_X1
mult_a0_mult_15_U13             0.001432   0.0008844    0.002387   7.016e-05  FA_X1
mult_b0_mult_15_U58              0.00142   0.0009008    0.002386   6.451e-05  FA_X1
mult_b0_mult_15_U8               0.00143    0.000883    0.002384    7.17e-05  FA_X1
mult_b1_mult_15_U33             0.001344   0.0009696    0.002382    6.83e-05  FA_X1
mult_a0_mult_15_U10             0.001431   0.0008748    0.002378   7.253e-05  FA_X1
mult_b1_mult_15_U14             0.001431   0.0008777    0.002377   6.803e-05  FA_X1
reg0_Q_reg_6_                   0.001371   0.0009254    0.002376   7.885e-05  DFF_X1
mult_b0_mult_15_U77             0.001421   0.0008848    0.002371   6.499e-05  FA_X1
mult_b0_mult_15_U27             0.001426   0.0008719    0.002368   7.051e-05  FA_X1
mult_b0_mult_15_U37             0.001425    0.000872    0.002368   7.051e-05  FA_X1
mult_b1_mult_15_U47             0.001432   0.0008627    0.002365   6.972e-05  FA_X1
mult_b0_mult_15_U80             0.001421   0.0008782    0.002364   6.499e-05  FA_X1
mult_b0_mult_15_U60             0.001426   0.0008709    0.002364   6.712e-05  FA_X1
mult_b1_mult_15_U10             0.001431   0.0008562     0.00236   7.255e-05  FA_X1
mult_a0_mult_15_U12             0.001431   0.0008545    0.002356    7.06e-05  FA_X1
mult_a0_mult_15_U8              0.001428   0.0008562    0.002355    7.03e-05  FA_X1
mult_b0_mult_15_U9              0.001431    0.000849    0.002355    7.42e-05  FA_X1
mult_b0_mult_15_U47             0.001431   0.0008508    0.002353   7.128e-05  FA_X1
mult_b1_mult_15_U8              0.001428   0.0008541    0.002352   7.016e-05  FA_X1
mult_b0_mult_15_U40             0.001427   0.0008553     0.00235   6.712e-05  FA_X1
mult_b1_mult_15_U52             0.001429   0.0008547     0.00235   6.626e-05  FA_X1
mult_a0_mult_15_U7              0.001431   0.0008439    0.002346   7.143e-05  FA_X1
mult_b0_mult_15_U63              0.00141   0.0008715    0.002343   6.126e-05  FA_X1
saturation_U1                  0.0002896    0.002028    0.002337   1.912e-05  NAND2_X1
mult_b0_mult_15_U53             0.001422   0.0008516    0.002336   6.295e-05  FA_X1
mult_b1_mult_15_U49             0.001323   0.0009482    0.002335    6.39e-05  FA_X1
reg0_Q_reg_8_                   0.001372   0.0008819    0.002333   7.885e-05  DFF_X1
mult_b0_mult_15_U67             0.001429   0.0008359    0.002332   6.765e-05  FA_X1
mult_a0_mult_15_U58             0.001379   0.0008902     0.00233   6.047e-05  FA_X1
mult_b0_mult_15_U65             0.001419   0.0008458     0.00233   6.499e-05  FA_X1
mult_b1_mult_15_U9              0.001431   0.0008241    0.002328   7.334e-05  FA_X1
mult_a0_mult_15_U59             0.001422   0.0008404    0.002327   6.437e-05  FA_X1
mult_b0_mult_15_U74             0.001426   0.0008327    0.002326   6.711e-05  FA_X1
mult_b1_mult_15_U68             0.001317    0.000943    0.002324    6.39e-05  FA_X1
mult_a0_mult_15_U49             0.001323   0.0009346    0.002322    6.39e-05  FA_X1
mult_a0_mult_15_U33             0.001343   0.0009031    0.002314    6.83e-05  FA_X1
mult_a0_mult_15_U64             0.001319   0.0009255    0.002308    6.39e-05  FA_X1
reg0_Q_reg_4_                   0.001351   0.0008736    0.002304   7.885e-05  DFF_X1
add_b0_add_16_U1_9              0.001429   0.0007965    0.002302   7.576e-05  FA_X1
mult_b0_mult_15_U71             0.001432   0.0008046    0.002301   6.452e-05  FA_X1
mult_b1_mult_15_U59             0.001421   0.0008141    0.002299   6.437e-05  FA_X1
mult_b1_mult_15_U64             0.001319   0.0009157    0.002298    6.39e-05  FA_X1
mult_b0_mult_15_U59             0.001426   0.0008039    0.002298   6.784e-05  FA_X1
mult_b0_mult_15_U44             0.001428   0.0008011    0.002296   6.712e-05  FA_X1
mult_b1_mult_15_U54             0.001342   0.0008834    0.002295   6.909e-05  FA_X1
mult_a0_mult_15_U37             0.001343   0.0008828    0.002294   6.853e-05  FA_X1
add_b0_add_16_U1_10             0.001429   0.0007881    0.002293   7.581e-05  FA_X1
mult_a0_mult_15_U68             0.001316   0.0009107    0.002291    6.39e-05  FA_X1
mult_b1_mult_15_U27             0.001344   0.0008753    0.002288   6.853e-05  FA_X1
mult_b0_mult_15_U36             0.001427   0.0007866     0.00228   6.642e-05  FA_X1
mult_a0_mult_15_U54             0.001343    0.000867    0.002279   6.909e-05  FA_X1
mult_b1_mult_15_U58             0.001378   0.0008397    0.002278   6.047e-05  FA_X1
mult_b0_mult_15_U31             0.001424   0.0007796    0.002274   7.051e-05  FA_X1
reg0_Q_reg_10_                  0.001349   0.0008314    0.002259   7.885e-05  DFF_X1
mult_a0_mult_15_U45             0.001319   0.0008638    0.002251   6.853e-05  FA_X1
mult_b1_mult_15_U43             0.001422   0.0007592     0.00225   6.851e-05  FA_X1
mult_a0_mult_15_U27             0.001343   0.0008371    0.002249   6.853e-05  FA_X1
mult_a0_mult_15_U40             0.001325   0.0008515    0.002241    6.39e-05  FA_X1
mult_b0_mult_15_U43             0.001423   0.0007426    0.002238   7.146e-05  FA_X1
mult_a0_mult_15_U43             0.001421   0.0007382    0.002228   6.851e-05  FA_X1
mult_b1_mult_15_U53             0.001288   0.0008761    0.002225   6.108e-05  FA_X1
mult_a0_mult_15_U70             0.001417   0.0007283    0.002211   6.586e-05  FA_X1
mult_b0_mult_15_U73             0.001423   0.0007029    0.002193   6.738e-05  FA_X1
mult_b0_mult_15_U70              0.00142   0.0006958    0.002186   6.975e-05  FA_X1
add_b0_add_16_U1_11              0.00143   0.0006703    0.002177   7.582e-05  FA_X1
mult_b1_mult_15_U73             0.001417   0.0006929    0.002173   6.307e-05  FA_X1
mult_b0_mult_15_U78             0.001424   0.0006751    0.002167   6.784e-05  FA_X1
mult_b1_mult_15_U70             0.001415   0.0006772    0.002159   6.586e-05  FA_X1
mult_a0_mult_15_U36             0.001368   0.0007248    0.002156   6.301e-05  FA_X1
mult_b0_mult_15_U76             0.001414   0.0006635     0.00214   6.228e-05  FA_X1
mult_a0_mult_15_U73             0.001417    0.000659    0.002139   6.307e-05  FA_X1
mult_b1_mult_15_U36             0.001369   0.0006955    0.002127   6.301e-05  FA_X1
mult_b1_mult_15_U40             0.001323   0.0007375    0.002124    6.39e-05  FA_X1
add_b0_add_16_U1_8              0.001424   0.0006243    0.002124   7.575e-05  FA_X1
mult_b1_mult_15_U31             0.001341   0.0007129    0.002122   6.853e-05  FA_X1
mult_a0_mult_15_U53             0.001286   0.0007712    0.002118   6.108e-05  FA_X1
mult_a0_mult_15_U31              0.00134    0.000697    0.002105   6.853e-05  FA_X1
add_b0_add_16_U1_1              0.001427   0.0005898     0.00209   7.356e-05  FA_X1
add_b0_add_16_U1_6              0.001421   0.0005888    0.002086    7.57e-05  FA_X1
add_b0_add_16_U1_7              0.001422   0.0005867    0.002085   7.573e-05  FA_X1
add_b0_add_16_U1_5              0.001421   0.0005742    0.002071   7.562e-05  FA_X1
mult_b1_mult_15_U78             0.001335   0.0006704    0.002068   6.294e-05  FA_X1
mult_a0_mult_15_U44             0.001319   0.0006794    0.002063    6.39e-05  FA_X1
mult_a0_mult_15_U78             0.001335   0.0006642    0.002063   6.294e-05  FA_X1
add_b0_add_16_U1_2              0.001423   0.0005648    0.002062   7.466e-05  FA_X1
add_b0_add_16_U1_4              0.001421   0.0005641    0.002061   7.549e-05  FA_X1
add_b0_add_16_U1_3              0.001422   0.0005593    0.002056   7.521e-05  FA_X1
mult_b1_mult_15_U44             0.001319   0.0006607    0.002043    6.39e-05  FA_X1
mult_a0_mult_15_U67              0.00123   0.0007512    0.002043   6.179e-05  FA_X1
mult_a0_mult_15_U522           0.0001723    0.001848    0.002035   1.475e-05  NAND2_X1
mult_a0_mult_15_U530            0.000175    0.001827    0.002016   1.475e-05  NAND2_X1
mult_b1_mult_15_U517           0.0001724    0.001825    0.002012   1.475e-05  NAND2_X1
mult_b1_mult_15_U60              0.00124   0.0007075     0.00201   6.325e-05  FA_X1
mult_a0_mult_15_U526           0.0001755     0.00182     0.00201   1.475e-05  NAND2_X1
reg0_Q_reg_2_                   0.001336   0.0005914    0.002006   7.885e-05  DFF_X1
mult_a0_mult_15_U60              0.00124   0.0006991    0.002003   6.325e-05  FA_X1
mult_b1_mult_15_U74             0.001214   0.0007202    0.001997   6.244e-05  FA_X1
mult_b1_mult_15_U521           0.0001754    0.001803    0.001993   1.475e-05  NAND2_X1
mult_b1_mult_15_U67             0.001229    0.000701    0.001991   6.179e-05  FA_X1
mult_a0_mult_15_U74             0.001214   0.0007066    0.001983   6.244e-05  FA_X1
mult_b1_mult_15_U525            0.000175    0.001789    0.001979   1.475e-05  NAND2_X1
mult_b0_mult_15_U329           0.0002579    0.001702    0.001974   1.435e-05  INV_X1
mult_a0_mult_15_U63             0.001172    0.000727    0.001957     5.8e-05  FA_X1
mult_a0_mult_15_U329           0.0001113     0.00182    0.001944   1.334e-05  INV_X1
mult_b1_mult_15_U485           0.0001672    0.001757    0.001939   1.475e-05  NAND2_X1
mult_b1_mult_15_U63             0.001171   0.0007065    0.001935     5.8e-05  FA_X1
mult_b1_mult_15_U529            0.000171    0.001749    0.001935   1.475e-05  NAND2_X1
mult_a0_mult_15_U490           0.0001674     0.00175    0.001932   1.475e-05  NAND2_X1
mult_a0_mult_15_U534           0.0001708    0.001744     0.00193   1.475e-05  NAND2_X1
mult_b1_mult_15_U325           0.0001114    0.001775      0.0019   1.334e-05  INV_X1
mult_b0_mult_15_U81             0.001029   0.0007406    0.001826   5.619e-05  HA_X1
mult_b0_mult_15_U69            0.0009993   0.0007554    0.001811   5.615e-05  HA_X1
mult_a0_mult_15_U72             0.001063   0.0006685    0.001793   6.101e-05  FA_X1
mult_b1_mult_15_U72             0.001064   0.0006547    0.001779   6.101e-05  FA_X1
DOUT_reg_Q_reg_2_               0.001375   0.0003165    0.001771   7.877e-05  DFF_X1
DOUT_reg_Q_reg_0_               0.001375   0.0003121    0.001766   7.877e-05  DFF_X1
DOUT_reg_Q_reg_8_               0.001375   0.0003095    0.001763   7.877e-05  DFF_X1
DOUT_reg_Q_reg_7_               0.001375    0.000309    0.001763   7.877e-05  DFF_X1
DOUT_reg_Q_reg_4_               0.001375   0.0003085    0.001762   7.877e-05  DFF_X1
DOUT_reg_Q_reg_3_               0.001375   0.0003071    0.001761   7.877e-05  DFF_X1
DOUT_reg_Q_reg_1_               0.001375   0.0003062     0.00176   7.877e-05  DFF_X1
mult_b1_mult_15_U76             0.001174   0.0005242    0.001758   5.951e-05  FA_X1
DOUT_reg_Q_reg_6_               0.001375   0.0003037    0.001757   7.877e-05  DFF_X1
DOUT_reg_Q_reg_5_               0.001375   0.0003028    0.001756   7.877e-05  DFF_X1
mult_b1_mult_15_U65             0.001075   0.0006142     0.00175   6.101e-05  FA_X1
DOUT_reg_Q_reg_9_               0.001367   0.0003007    0.001747   7.885e-05  DFF_X1
mult_b1_mult_15_U77              0.00104   0.0006379    0.001738   6.033e-05  FA_X1
mult_b1_mult_15_U80             0.001038   0.0006374    0.001736   6.033e-05  FA_X1
mult_b0_mult_15_U75             0.000998   0.0006808    0.001735   5.615e-05  HA_X1
mult_a0_mult_15_U71             0.001043    0.000629    0.001734   6.128e-05  FA_X1
mult_a0_mult_15_U76             0.001172   0.0005004    0.001732   5.951e-05  FA_X1
mult_a0_mult_15_U80             0.001038   0.0006334    0.001732   6.033e-05  FA_X1
mult_b1_mult_15_U71             0.001043   0.0006156     0.00172   6.128e-05  FA_X1
mult_a0_mult_15_U65             0.001074   0.0005848     0.00172   6.101e-05  FA_X1
mult_b0_mult_15_U61             0.000997   0.0006509    0.001704   5.615e-05  HA_X1
mult_a0_mult_15_U77             0.001039   0.0005995    0.001699   6.033e-05  FA_X1
mult_b0_mult_15_U79            0.0009967   0.0006409    0.001694   5.615e-05  HA_X1
reg0_Q_reg_0_                   0.001312   0.0002898    0.001681   7.885e-05  DFF_X1
mult_a0_mult_15_U69            0.0008403    0.000694    0.001589   5.446e-05  HA_X1
mult_b1_mult_15_U69            0.0008393   0.0006488    0.001543   5.446e-05  HA_X1
mult_b0_mult_15_U330           0.0002919    0.001228    0.001534   1.435e-05  INV_X1
mult_b0_mult_15_U331           0.0002873    0.001227    0.001529   1.435e-05  INV_X1
mult_b0_mult_15_U332            0.000283     0.00121    0.001508   1.435e-05  INV_X1
mult_a0_mult_15_U75            0.0008372   0.0006111    0.001503   5.446e-05  HA_X1
mult_a0_mult_15_U61            0.0008231   0.0006021     0.00148   5.446e-05  HA_X1
mult_b1_mult_15_U75            0.0008372   0.0005758    0.001467   5.446e-05  HA_X1
mult_a0_mult_15_U81            0.0008373   0.0005396    0.001429   5.255e-05  HA_X1
mult_b1_mult_15_U81            0.0008269   0.0005355    0.001415   5.255e-05  HA_X1
mult_b1_mult_15_U61            0.0008215   0.0005353    0.001411   5.446e-05  HA_X1
mult_b0_mult_15_U355           0.0006471   0.0006633    0.001347   3.644e-05  XNOR2_X1
mult_b1_mult_15_U79            0.0008204   0.0004646     0.00134   5.446e-05  HA_X1
FE_DBTC0_reg_out_3             0.0001145    0.001196    0.001323   1.228e-05  INV_X1
mult_b1_mult_15_U492           0.0001395    0.001161    0.001322   2.175e-05  NAND2_X1
mult_a0_mult_15_U497            0.000129    0.001162    0.001312   2.175e-05  NAND2_X1
mult_b0_mult_15_U361           0.0004876    0.000787    0.001309    3.49e-05  OAI22_X1
mult_a0_mult_15_U79             0.000819   0.0004354    0.001309   5.446e-05  HA_X1
add_a0_add_16_U2               0.0007061   0.0005378    0.001275   3.053e-05  XOR2_X1
mult_b0_mult_15_U362           0.0004908   0.0007315    0.001257    3.49e-05  OAI22_X1
mult_b0_mult_15_U363           0.0004923     0.00071    0.001237    3.49e-05  OAI22_X1
mult_b0_mult_15_U491           0.0006193   0.0005677    0.001223   3.616e-05  XOR2_X1
FE_DBTC2_reg_out_7             0.0001237    0.001072    0.001208   1.228e-05  INV_X1
FE_DBTC1_reg_out_5             0.0001202     0.00107    0.001202   1.228e-05  INV_X1
mult_b0_mult_15_U364           0.0004929   0.0006677    0.001196    3.49e-05  OAI22_X1
mult_b0_mult_15_U440           0.0006566   0.0004921    0.001185   3.644e-05  XNOR2_X1
mult_b0_mult_15_U442           0.0006567   0.0004867     0.00118   3.644e-05  XNOR2_X1
mult_b0_mult_15_U501           0.0006503   0.0004931     0.00118   3.644e-05  XNOR2_X1
mult_b0_mult_15_U438           0.0006567    0.000485    0.001178   3.644e-05  XNOR2_X1
mult_b0_mult_15_U503           0.0006504   0.0004905    0.001177   3.644e-05  XNOR2_X1
mult_b0_mult_15_U377           0.0006537    0.000481    0.001171   3.644e-05  XNOR2_X1
FE_DBTC3_reg_out_9             0.0001193    0.001033    0.001165   1.228e-05  INV_X1
mult_b0_mult_15_U507           0.0006506   0.0004772    0.001164   3.644e-05  XNOR2_X1
mult_b0_mult_15_U404           0.0006543   0.0004735    0.001164   3.644e-05  XNOR2_X1
mult_b0_mult_15_U509           0.0006507   0.0004743    0.001161   3.644e-05  XNOR2_X1
mult_b0_mult_15_U505           0.0006507   0.0004725     0.00116   3.644e-05  XNOR2_X1
mult_b0_mult_15_U460            0.000654   0.0004678    0.001158   3.644e-05  XNOR2_X1
mult_b0_mult_15_U373            0.000654   0.0004672    0.001158   3.644e-05  XNOR2_X1
mult_b0_mult_15_U489            0.000654    0.000467    0.001157   3.644e-05  XNOR2_X1
mult_b0_mult_15_U413           0.0006599   0.0004586    0.001155   3.644e-05  XNOR2_X1
mult_b0_mult_15_U461            0.000654   0.0004639    0.001154   3.644e-05  XNOR2_X1
mult_b0_mult_15_U434           0.0006571   0.0004604    0.001154   3.644e-05  XNOR2_X1
mult_b0_mult_15_U451           0.0006566   0.0004605    0.001153   3.644e-05  XNOR2_X1
mult_b0_mult_15_U463            0.000654   0.0004627    0.001153   3.644e-05  XNOR2_X1
mult_b0_mult_15_U371           0.0006541   0.0004593     0.00115   3.644e-05  XNOR2_X1
mult_b0_mult_15_U393           0.0006551   0.0004565    0.001148   3.644e-05  XNOR2_X1
mult_b0_mult_15_U401           0.0006552   0.0004558    0.001147   3.644e-05  XNOR2_X1
mult_b0_mult_15_U421             0.00066   0.0004502    0.001147   3.644e-05  XNOR2_X1
mult_b0_mult_15_U467           0.0006542   0.0004561    0.001147   3.644e-05  XNOR2_X1
mult_b0_mult_15_U465           0.0006542   0.0004555    0.001146   3.644e-05  XNOR2_X1
mult_b0_mult_15_U497           0.0006508   0.0004585    0.001146   3.644e-05  XNOR2_X1
mult_b0_mult_15_U381           0.0006536   0.0004542    0.001144   3.644e-05  XNOR2_X1
mult_b0_mult_15_U369           0.0006542   0.0004517    0.001142   3.644e-05  XNOR2_X1
mult_b0_mult_15_U387           0.0006552   0.0004498    0.001141   3.644e-05  XNOR2_X1
mult_b0_mult_15_U389           0.0006553   0.0004496    0.001141   3.644e-05  XNOR2_X1
mult_b0_mult_15_U422           0.0006601   0.0004446    0.001141   3.644e-05  XNOR2_X1
mult_b0_mult_15_U450           0.0006568   0.0004479    0.001141   3.644e-05  XNOR2_X1
mult_b0_mult_15_U375           0.0006542   0.0004494     0.00114   3.644e-05  XNOR2_X1
mult_b0_mult_15_U436           0.0006574   0.0004463     0.00114   3.644e-05  XNOR2_X1
mult_b0_mult_15_U417           0.0006601   0.0004434     0.00114   3.644e-05  XNOR2_X1
mult_b0_mult_15_U426           0.0006595   0.0004439     0.00114   3.644e-05  XNOR2_X1
mult_b0_mult_15_U448           0.0006574   0.0004454    0.001139   3.644e-05  XNOR2_X1
mult_b0_mult_15_U379           0.0006537   0.0004482    0.001138   3.644e-05  XNOR2_X1
mult_b0_mult_15_U495           0.0006509   0.0004509    0.001138   3.644e-05  XNOR2_X1
mult_b0_mult_15_U474           0.0006537   0.0004478    0.001138   3.644e-05  XNOR2_X1
mult_b0_mult_15_U446           0.0006574   0.0004438    0.001138   3.644e-05  XNOR2_X1
mult_b0_mult_15_U395           0.0006553   0.0004455    0.001137   3.644e-05  XNOR2_X1
mult_b0_mult_15_U469           0.0006543   0.0004461    0.001137   3.644e-05  XNOR2_X1
mult_b0_mult_15_U367           0.0006543    0.000446    0.001137   3.644e-05  XNOR2_X1
mult_b0_mult_15_U415           0.0006602   0.0004392    0.001136   3.644e-05  XNOR2_X1
mult_b0_mult_15_U403           0.0006547   0.0004438    0.001135   3.644e-05  XNOR2_X1
mult_b0_mult_15_U419           0.0006602   0.0004377    0.001134   3.644e-05  XNOR2_X1
mult_b0_mult_15_U512           0.0006505   0.0004468    0.001134   3.644e-05  XNOR2_X1
mult_b0_mult_15_U397           0.0006554   0.0004407    0.001133   3.644e-05  XNOR2_X1
mult_b0_mult_15_U383           0.0006538   0.0004418    0.001132   3.644e-05  XNOR2_X1
mult_b0_mult_15_U429           0.0006597   0.0004359    0.001132   3.644e-05  XNOR2_X1
mult_b0_mult_15_U399           0.0006554   0.0004394    0.001131   3.644e-05  XNOR2_X1
mult_b0_mult_15_U406           0.0006174   0.0004776    0.001131   3.617e-05  XOR2_X1
mult_b0_mult_15_U411           0.0006602   0.0004344    0.001131   3.644e-05  XNOR2_X1
mult_b0_mult_15_U471           0.0006544     0.00044    0.001131   3.644e-05  XNOR2_X1
mult_b0_mult_15_U479           0.0005932   0.0004992     0.00113   3.752e-05  AOI222_X1
mult_b0_mult_15_U424           0.0006603   0.0004329     0.00113   3.644e-05  XNOR2_X1
mult_b0_mult_15_U473           0.0006539   0.0004381    0.001128   3.644e-05  XNOR2_X1
mult_b0_mult_15_U427           0.0006598   0.0004287    0.001125   3.644e-05  XNOR2_X1
mult_b0_mult_15_U499           0.0006512   0.0004355    0.001123   3.644e-05  XNOR2_X1
mult_a0_mult_15_U484           0.0005716    0.000484    0.001123   6.744e-05  OAI222_X1
mult_b0_mult_15_U511           0.0006507   0.0004344    0.001122   3.644e-05  XNOR2_X1
mult_b0_mult_15_U444           0.0006577   0.0004266    0.001121   3.644e-05  XNOR2_X1
mult_b0_mult_15_U391           0.0006556   0.0004284     0.00112   3.644e-05  XNOR2_X1
mult_b0_mult_15_U476            0.000654   0.0004292     0.00112   3.644e-05  XNOR2_X1
mult_b0_mult_15_U458           0.0006546   0.0004277    0.001119   3.644e-05  XNOR2_X1
mult_b0_mult_15_U453           0.0006572   0.0004234    0.001117   3.644e-05  XNOR2_X1
mult_b0_mult_15_U370           0.0004865   0.0005755    0.001097   3.491e-05  OAI22_X1
mult_b1_mult_15_U479           0.0005712   0.0004527    0.001091   6.744e-05  OAI222_X1
mult_b0_mult_15_U480            0.000581   0.0004507     0.00109   5.865e-05  OAI222_X1
mult_b0_mult_15_U481           0.0005967   0.0004564     0.00109   3.683e-05  AOI222_X1
mult_b0_mult_15_U478           0.0005884   0.0004433    0.001088   5.652e-05  OAI222_X1
mult_b0_mult_15_U376           0.0004866   0.0005632    0.001085   3.491e-05  OAI22_X1
mult_b0_mult_15_U366           0.0004865   0.0005576    0.001079   3.491e-05  OAI22_X1
mult_b0_mult_15_U372           0.0004866   0.0005542    0.001076   3.491e-05  OAI22_X1
mult_b0_mult_15_U368           0.0004866   0.0005513    0.001073   3.491e-05  OAI22_X1
mult_b1_mult_15_U478           0.0005623   0.0004638    0.001061   3.458e-05  AOI222_X1
mult_a0_mult_15_U482           0.0005652   0.0004242    0.001054   6.444e-05  OAI222_X1
mult_b0_mult_15_U468           0.0004944   0.0005239    0.001053    3.49e-05  OAI22_X1
mult_b0_mult_15_U439           0.0004944   0.0005234    0.001053    3.49e-05  OAI22_X1
mult_a0_mult_15_U483           0.0005629   0.0004496    0.001047   3.458e-05  AOI222_X1
mult_b0_mult_15_U398           0.0004883   0.0005239    0.001047    3.49e-05  OAI22_X1
mult_b0_mult_15_U388           0.0004883    0.000519    0.001042    3.49e-05  OAI22_X1
mult_b0_mult_15_U394           0.0004883   0.0005154    0.001039    3.49e-05  OAI22_X1
mult_b0_mult_15_U400           0.0004884   0.0005145    0.001038    3.49e-05  OAI22_X1
mult_b0_mult_15_U449           0.0004945   0.0005061    0.001036    3.49e-05  OAI22_X1
mult_b0_mult_15_U470           0.0004947   0.0004963    0.001026    3.49e-05  OAI22_X1
mult_b0_mult_15_U457           0.0004946   0.0004956    0.001025    3.49e-05  OAI22_X1
mult_b0_mult_15_U500           0.0004943   0.0004927    0.001022    3.49e-05  OAI22_X1
mult_b0_mult_15_U435           0.0004946   0.0004923    0.001022    3.49e-05  OAI22_X1
mult_b0_mult_15_U510           0.0004941    0.000492    0.001021    3.49e-05  OAI22_X1
mult_b0_mult_15_U437           0.0004947   0.0004902     0.00102    3.49e-05  OAI22_X1
mult_b0_mult_15_U423           0.0004928   0.0004879    0.001016    3.49e-05  OAI22_X1
mult_b0_mult_15_U504           0.0004943   0.0004851    0.001014    3.49e-05  OAI22_X1
mult_b0_mult_15_U433           0.0004947   0.0004842    0.001014    3.49e-05  OAI22_X1
mult_b0_mult_15_U416           0.0004929   0.0004858    0.001014    3.49e-05  OAI22_X1
mult_b0_mult_15_U459           0.0004949   0.0004837    0.001013    3.49e-05  OAI22_X1
mult_b0_mult_15_U425           0.0004929   0.0004853    0.001013    3.49e-05  OAI22_X1
mult_b1_mult_15_U477           0.0005654   0.0003768    0.001007   6.443e-05  OAI222_X1
mult_b0_mult_15_U443           0.0004946   0.0004761    0.001006    3.49e-05  OAI22_X1
mult_b0_mult_15_U412            0.000493   0.0004773    0.001005    3.49e-05  OAI22_X1
mult_b0_mult_15_U472           0.0004949   0.0004734    0.001003    3.49e-05  OAI22_X1
VOUT_reg_Q_reg                 0.0007654   0.0001595    0.001003   7.798e-05  DFF_X1
mult_b0_mult_15_U462           0.0004951   0.0004728    0.001003    3.49e-05  OAI22_X1
mult_b0_mult_15_U402           0.0004886   0.0004772    0.001001    3.49e-05  OAI22_X1
mult_b0_mult_15_U357           0.0005168   0.0004453       0.001   3.796e-05  XNOR2_X1
mult_b0_mult_15_U365           0.0004869   0.0004768   0.0009986   3.491e-05  OAI22_X1
mult_b0_mult_15_U410            0.000493   0.0004701    0.000998    3.49e-05  OAI22_X1
mult_b0_mult_15_U420           0.0004931   0.0004697   0.0009976    3.49e-05  OAI22_X1
mult_b0_mult_15_U414            0.000493   0.0004693   0.0009972    3.49e-05  OAI22_X1
mult_b0_mult_15_U498           0.0004944   0.0004673   0.0009966    3.49e-05  OAI22_X1
mult_b0_mult_15_U353           0.0004945   0.0004657   0.0009952    3.49e-05  OAI22_X1
mult_b0_mult_15_U445           0.0004948   0.0004652   0.0009949    3.49e-05  OAI22_X1
mult_b0_mult_15_U359           0.0004931   0.0004646   0.0009927    3.49e-05  OAI22_X1
mult_b1_mult_15_U361           0.0003533   0.0006007   0.0009916   3.759e-05  OAI22_X1
mult_b0_mult_15_U466           0.0004952   0.0004578   0.0009879    3.49e-05  OAI22_X1
mult_b0_mult_15_U354           0.0004955    0.000456   0.0009864    3.49e-05  OAI22_X1
mult_b0_mult_15_U408           0.0004924   0.0004586   0.0009859    3.49e-05  OAI22_X1
mult_b0_mult_15_U441           0.0004951   0.0004546   0.0009845    3.49e-05  OAI22_X1
mult_b0_mult_15_U494           0.0004945   0.0004547   0.0009841    3.49e-05  OAI22_X1
mult_a0_mult_15_U365            0.000344   0.0006012   0.0009828   3.759e-05  OAI22_X1
mult_b0_mult_15_U502           0.0004948   0.0004457   0.0009753    3.49e-05  OAI22_X1
mult_b1_mult_15_U351           0.0006876   0.0002429   0.0009738   4.326e-05  AOI222_X1
mult_b0_mult_15_U380            0.000487   0.0004509   0.0009728   3.491e-05  OAI22_X1
mult_b0_mult_15_U333           0.0003108   0.0006469   0.0009721   1.436e-05  INV_X1
mult_b0_mult_15_U455           0.0004945   0.0004402   0.0009695    3.49e-05  OAI22_X1
mult_b0_mult_15_U506           0.0004948   0.0004379   0.0009676    3.49e-05  OAI22_X1
mult_b1_mult_15_U360           0.0003443   0.0005857   0.0009676   3.759e-05  OAI22_X1
mult_b0_mult_15_U508           0.0004948   0.0004365   0.0009661    3.49e-05  OAI22_X1
mult_b0_mult_15_U431           0.0004944    0.000435   0.0009643    3.49e-05  OAI22_X1
mult_b0_mult_15_U492           0.0004939   0.0004325   0.0009614    3.49e-05  OAI22_X1
mult_b0_mult_15_U384            0.000488   0.0004351   0.0009581    3.49e-05  OAI22_X1
count_cnt_reg_0_               0.0007386   0.0001368   0.0009544   7.904e-05  DFF_X1
mult_b0_mult_15_U360           0.0004956   0.0004231   0.0009536    3.49e-05  OAI22_X1
mult_b0_mult_15_U396           0.0004888   0.0004237   0.0009474    3.49e-05  OAI22_X1
mult_a0_mult_15_U356           0.0006866   0.0002153   0.0009452   4.329e-05  AOI222_X1
mult_b1_mult_15_U362           0.0003591    0.000548   0.0009448   3.759e-05  OAI22_X1
mult_b1_mult_15_U363           0.0003599   0.0005422   0.0009397   3.759e-05  OAI22_X1
mult_b0_mult_15_U378           0.0004871   0.0004164   0.0009384   3.491e-05  OAI22_X1
mult_b0_mult_15_U447           0.0004955   0.0004047    0.000935    3.49e-05  OAI22_X1
mult_b0_mult_15_U432           0.0006568    0.000239   0.0009323   3.644e-05  XNOR2_X1
mult_a0_mult_15_U366           0.0003544   0.0005402   0.0009322   3.759e-05  OAI22_X1
mult_b0_mult_15_U352           0.0006717   0.0002153    0.000932   4.495e-05  AOI222_X1
mult_b0_mult_15_U374           0.0004873   0.0004037   0.0009259   3.491e-05  OAI22_X1
mult_b0_mult_15_U418           0.0004937   0.0003968   0.0009254    3.49e-05  OAI22_X1
add_b0_add_16_U1               0.0005115   0.0003873   0.0009239   2.507e-05  AND2_X1
mult_b0_mult_15_U385           0.0006548   0.0002293   0.0009205   3.644e-05  XNOR2_X1
mult_b0_mult_15_U409           0.0006602   0.0002236   0.0009203   3.644e-05  XNOR2_X1
mult_b0_mult_15_U493           0.0006499   0.0002334   0.0009197   3.644e-05  XNOR2_X1
mult_a0_mult_15_U368            0.000361   0.0005204   0.0009191   3.759e-05  OAI22_X1
mult_b0_mult_15_U456           0.0006538   0.0002243   0.0009145   3.644e-05  XNOR2_X1
mult_b0_mult_15_U392           0.0004891   0.0003865   0.0009105    3.49e-05  OAI22_X1
mult_b0_mult_15_U358           0.0005069    0.000376   0.0009066   2.368e-05  OR2_X1
mult_b0_mult_15_U496           0.0004954   0.0003683   0.0008986    3.49e-05  OAI22_X1
mult_b0_mult_15_U483           0.0006353   0.0002278   0.0008963   3.319e-05  AOI222_X1
mult_a0_mult_15_U367           0.0003605   0.0004933   0.0008914   3.759e-05  OAI22_X1
mult_b0_mult_15_U386           0.0004892   0.0003655   0.0008896    3.49e-05  OAI22_X1
mult_b0_mult_15_U390           0.0004891   0.0003623   0.0008864    3.49e-05  OAI22_X1
mult_b0_mult_15_U464           0.0004963   0.0003519   0.0008831    3.49e-05  OAI22_X1
mult_b0_mult_15_U521            0.000413   0.0004294   0.0008783   3.594e-05  OAI21_X1
mult_a0_mult_15_U362           0.0004788   0.0003716   0.0008747   2.425e-05  OR2_X1
mult_b0_mult_15_U513           0.0004119   0.0004266   0.0008744   3.594e-05  OAI21_X1
VIN_reg_Q_reg                  0.0006395   0.0001532   0.0008716   7.882e-05  DFF_X1
mult_b0_mult_15_U525           0.0004108   0.0004222    0.000869   3.593e-05  OAI21_X1
mult_a0_mult_15_U463           0.0003617   0.0004696   0.0008689   3.759e-05  OAI22_X1
mult_b0_mult_15_U517           0.0004135   0.0004172   0.0008667   3.594e-05  OAI21_X1
saturation_U24                 0.0005946   0.0002223   0.0008652   4.831e-05  OAI33_X1
mult_b1_mult_15_U493           0.0004315   0.0003971   0.0008593   3.065e-05  XOR2_X1
mult_b0_mult_15_U484           0.0004116   0.0004098   0.0008574   3.594e-05  OAI21_X1
mult_b1_mult_15_U456           0.0003613   0.0004567   0.0008556   3.759e-05  OAI22_X1
add_b0_add_16_U2               0.0005921   0.0002254   0.0008536   3.616e-05  XOR2_X1
mult_b1_mult_15_U357           0.0004779   0.0003479     0.00085   2.425e-05  OR2_X1
mult_b0_mult_15_U487           0.0005901   0.0002183   0.0008449   3.644e-05  XNOR2_X1
mult_a0_mult_15_U505           0.0003544   0.0004526   0.0008447   3.759e-05  OAI22_X1
mult_a0_mult_15_U498           0.0004314   0.0003815   0.0008435   3.065e-05  XOR2_X1
mult_b0_mult_15_U520           0.0005877   0.0002193   0.0008434   3.644e-05  XNOR2_X1
mult_b0_mult_15_U516            0.000588   0.0002189   0.0008434   3.644e-05  XNOR2_X1
mult_b0_mult_15_U524           0.0005872   0.0002176   0.0008413   3.644e-05  XNOR2_X1
mult_a0_mult_15_U361           0.0004632   0.0003397   0.0008411   3.818e-05  XNOR2_X1
mult_b0_mult_15_U528           0.0005832   0.0002178   0.0008375   3.644e-05  XNOR2_X1
mult_a0_mult_15_U461           0.0003622   0.0004336   0.0008334   3.759e-05  OAI22_X1
mult_b1_mult_15_U356           0.0004631   0.0003289   0.0008302   3.818e-05  XNOR2_X1
mult_b0_mult_15_U323           0.0001992   0.0006149   0.0008272   1.303e-05  INV_X1
mult_b0_mult_15_U488           0.0005085   0.0002838   0.0008272   3.491e-05  OAI22_X1
mult_b1_mult_15_U413           0.0003548   0.0004341   0.0008265   3.759e-05  OAI22_X1
mult_a0_mult_15_U501           0.0003547   0.0004295   0.0008218   3.759e-05  OAI22_X1
mult_b1_mult_15_U458           0.0003617    0.000422   0.0008213   3.759e-05  OAI22_X1
mult_b1_mult_15_U409           0.0003555   0.0004253   0.0008184   3.759e-05  OAI22_X1
count_cnt_reg_1_               0.0007077   3.196e-05   0.0008173   7.765e-05  DFF_X1
mult_b1_mult_15_U436           0.0003607   0.0004161   0.0008143   3.759e-05  OAI22_X1
mult_a0_mult_15_U441           0.0003615   0.0004143   0.0008134   3.759e-05  OAI22_X1
mult_b1_mult_15_U432           0.0003611   0.0004135   0.0008121   3.759e-05  OAI22_X1
mult_a0_mult_15_U443           0.0003615   0.0004123   0.0008115   3.759e-05  OAI22_X1
mult_b1_mult_15_U471           0.0003613   0.0004123   0.0008111   3.759e-05  OAI22_X1
mult_b1_mult_15_U480           0.0004487   0.0003276   0.0008093     3.3e-05  AOI222_X1
mult_b0_mult_15_U482           0.0005407   0.0002334    0.000808   3.391e-05  AOI222_X1
mult_a0_mult_15_U485           0.0004482   0.0003259    0.000807     3.3e-05  AOI222_X1
mult_a0_mult_15_U445           0.0003616   0.0004052   0.0008044   3.759e-05  OAI22_X1
mult_a0_mult_15_U437           0.0003617   0.0004049   0.0008042   3.759e-05  OAI22_X1
mult_b1_mult_15_U502           0.0003547   0.0004101   0.0008024   3.759e-05  OAI22_X1
mult_a0_mult_15_U439           0.0003617   0.0003981   0.0007974   3.759e-05  OAI22_X1
mult_b1_mult_15_U411           0.0003558   0.0003979   0.0007913   3.759e-05  OAI22_X1
DIN_reg_Q_reg_1_               0.0006381   7.322e-05   0.0007901   7.882e-05  DFF_X1
mult_a0_mult_15_U447           0.0003618   0.0003893   0.0007887   3.759e-05  OAI22_X1
mult_a0_mult_15_U416           0.0003562   0.0003935   0.0007873   3.759e-05  OAI22_X1
mult_a0_mult_15_U466           0.0003628   0.0003841   0.0007845   3.759e-05  OAI22_X1
DIN_reg_Q_reg_0_               0.0006378   6.667e-05   0.0007833   7.882e-05  DFF_X1
mult_a0_mult_15_U511           0.0003552     0.00039   0.0007828   3.759e-05  OAI22_X1
mult_a0_mult_15_U424           0.0003563   0.0003877   0.0007816   3.759e-05  OAI22_X1
mult_a0_mult_15_U406           0.0003453   0.0003986   0.0007814   3.759e-05  OAI22_X1
mult_a0_mult_15_U472           0.0003629   0.0003786    0.000779   3.759e-05  OAI22_X1
mult_a0_mult_15_U507           0.0003553   0.0003858   0.0007787   3.759e-05  OAI22_X1
mult_b1_mult_15_U434           0.0003616   0.0003746   0.0007737   3.759e-05  OAI22_X1
DIN_reg_Q_reg_11_              0.0006375   5.626e-05   0.0007725   7.882e-05  DFF_X1
mult_b1_mult_15_U430           0.0003611   0.0003725   0.0007712   3.759e-05  OAI22_X1
DIN_reg_Q_reg_2_               0.0006373   5.368e-05   0.0007698   7.882e-05  DFF_X1
mult_b1_mult_15_U422           0.0003557   0.0003753   0.0007686   3.759e-05  OAI22_X1
DIN_reg_Q_reg_6_               0.0006372   5.103e-05   0.0007671   7.882e-05  DFF_X1
DIN_reg_Q_reg_3_               0.0006373   5.096e-05    0.000767   7.882e-05  DFF_X1
DIN_reg_Q_reg_8_               0.0006372   5.087e-05   0.0007669   7.882e-05  DFF_X1
mult_b1_mult_15_U405           0.0003381   0.0003869   0.0007667   4.166e-05  XOR2_X1
mult_b1_mult_15_U438            0.000361   0.0003675   0.0007661   3.759e-05  OAI22_X1
DIN_reg_Q_reg_5_               0.0006372   4.996e-05    0.000766   7.882e-05  DFF_X1
mult_a0_mult_15_U517           0.0003555   0.0003727   0.0007658   3.759e-05  OAI22_X1
DIN_reg_Q_reg_9_               0.0006372   4.974e-05   0.0007658   7.882e-05  DFF_X1
DIN_reg_Q_reg_4_               0.0006372   4.969e-05   0.0007657   7.882e-05  DFF_X1
mult_b1_mult_15_U496           0.0003559   0.0003707   0.0007643   3.759e-05  OAI22_X1
mult_b1_mult_15_U467           0.0003618   0.0003647   0.0007641   3.759e-05  OAI22_X1
DIN_reg_Q_reg_10_              0.0006371   4.814e-05   0.0007641   7.882e-05  DFF_X1
DIN_reg_Q_reg_7_               0.0006371   4.676e-05   0.0007627   7.882e-05  DFF_X1
mult_a0_mult_15_U449           0.0003621   0.0003629   0.0007626   3.759e-05  OAI22_X1
mult_a0_mult_15_U404           0.0003454   0.0003792   0.0007622   3.759e-05  OAI22_X1
mult_a0_mult_15_U476           0.0003631    0.000361   0.0007617   3.759e-05  OAI22_X1
mult_a0_mult_15_U427           0.0003566   0.0003675   0.0007617   3.759e-05  OAI22_X1
mult_b1_mult_15_U506            0.000355   0.0003687   0.0007613   3.759e-05  OAI22_X1
mult_a0_mult_15_U414           0.0003566   0.0003659   0.0007601   3.759e-05  OAI22_X1
mult_a0_mult_15_U359           0.0003588   0.0003633   0.0007593   3.718e-05  XNOR2_X1
mult_a0_mult_15_U429           0.0003566   0.0003648    0.000759   3.759e-05  OAI22_X1
mult_b1_mult_15_U419           0.0003557   0.0003654   0.0007587   3.759e-05  OAI22_X1
mult_a0_mult_15_U410           0.0003378   0.0003791   0.0007586   4.166e-05  XOR2_X1
mult_b1_mult_15_U444           0.0003611   0.0003596   0.0007583   3.759e-05  OAI22_X1
mult_b1_mult_15_U465           0.0003619   0.0003572   0.0007567   3.759e-05  OAI22_X1
mult_a0_mult_15_U358           0.0003562   0.0003627   0.0007565   3.759e-05  OAI22_X1
mult_b1_mult_15_U428           0.0003429   0.0003757   0.0007558   3.718e-05  XNOR2_X1
mult_a0_mult_15_U364           0.0003632   0.0003539   0.0007548   3.759e-05  OAI22_X1
mult_b1_mult_15_U508           0.0003551   0.0003616   0.0007543   3.759e-05  OAI22_X1
mult_a0_mult_15_U509           0.0003556   0.0003601   0.0007533   3.759e-05  OAI22_X1
FE_RC_17_0                     0.0004193   0.0003015   0.0007532   3.238e-05  AOI21_X1
mult_a0_mult_15_U418           0.0003567   0.0003588   0.0007531   3.759e-05  OAI22_X1
mult_b1_mult_15_U358           0.0003558   0.0003593   0.0007527   3.759e-05  OAI22_X1
mult_b1_mult_15_U424           0.0003557   0.0003593   0.0007526   3.759e-05  OAI22_X1
mult_b1_mult_15_U415           0.0003557    0.000358   0.0007513   3.759e-05  OAI22_X1
mult_a0_mult_15_U453           0.0003623   0.0003512   0.0007511   3.759e-05  OAI22_X1
mult_b1_mult_15_U407           0.0003558   0.0003576    0.000751   3.759e-05  OAI22_X1
mult_a0_mult_15_U420           0.0003567   0.0003554   0.0007497   3.759e-05  OAI22_X1
mult_b1_mult_15_U401           0.0003459   0.0003658   0.0007493   3.759e-05  OAI22_X1
mult_b1_mult_15_U512           0.0003552   0.0003562    0.000749   3.759e-05  OAI22_X1
mult_a0_mult_15_U513           0.0003557   0.0003523   0.0007456   3.759e-05  OAI22_X1
mult_b1_mult_15_U352           0.0003552   0.0003527   0.0007455   3.759e-05  OAI22_X1
mult_a0_mult_15_U474           0.0003633   0.0003425   0.0007434   3.759e-05  OAI22_X1
mult_b1_mult_15_U387            0.000346   0.0003591   0.0007427   3.759e-05  OAI22_X1
mult_a0_mult_15_U392           0.0003462   0.0003587   0.0007424   3.759e-05  OAI22_X1
mult_a0_mult_15_U499           0.0003551   0.0003495   0.0007422   3.759e-05  OAI22_X1
mult_a0_mult_15_U470           0.0003633    0.000341   0.0007419   3.759e-05  OAI22_X1
mult_b1_mult_15_U440           0.0003612    0.000343   0.0007419   3.759e-05  OAI22_X1
mult_a0_mult_15_U363           0.0003568   0.0003463   0.0007407   3.759e-05  OAI22_X1
mult_a0_mult_15_U503           0.0003557   0.0003466     0.00074   3.759e-05  OAI22_X1
mult_b1_mult_15_U469            0.000362   0.0003388   0.0007385   3.759e-05  OAI22_X1
mult_b1_mult_15_U448           0.0003613   0.0003392   0.0007381   3.759e-05  OAI22_X1
mult_a0_mult_15_U515           0.0003558   0.0003441   0.0007374   3.759e-05  OAI22_X1
mult_b1_mult_15_U359           0.0003621   0.0003375   0.0007372   3.759e-05  OAI22_X1
mult_b1_mult_15_U399            0.000346   0.0003525   0.0007361   3.759e-05  OAI22_X1
mult_a0_mult_15_U459           0.0003628   0.0003356    0.000736   3.759e-05  OAI22_X1
mult_a0_mult_15_U402           0.0003457   0.0003489   0.0007321   3.759e-05  OAI22_X1
mult_b1_mult_15_U442           0.0003614   0.0003314   0.0007304   3.759e-05  OAI22_X1
mult_b0_mult_15_U340           0.0004044   0.0002942     0.00073   3.136e-05  MUX2_X1
mult_b1_mult_15_U461           0.0003622   0.0003297   0.0007295   3.759e-05  OAI22_X1
mult_b1_mult_15_U454           0.0003623   0.0003288   0.0007286   3.759e-05  OAI22_X1
mult_a0_mult_15_U435            0.000362   0.0003273   0.0007269   3.759e-05  OAI22_X1
mult_b1_mult_15_U504           0.0003555   0.0003333   0.0007263   3.759e-05  OAI22_X1
mult_b1_mult_15_U494           0.0003557   0.0003319   0.0007252   3.759e-05  OAI22_X1
mult_b1_mult_15_U510           0.0003554   0.0003313   0.0007243   3.759e-05  OAI22_X1
mult_b1_mult_15_U500           0.0003564   0.0003289   0.0007229   3.759e-05  OAI22_X1
mult_a0_mult_15_U357           0.0003561   0.0003282   0.0007219   3.759e-05  OAI22_X1
mult_b0_mult_15_U339           0.0002264   0.0004798   0.0007193   1.303e-05  INV_X1
mult_b0_mult_15_U327           0.0002178   0.0004868   0.0007176   1.303e-05  INV_X1
mult_b1_mult_15_U397           0.0003463   0.0003327   0.0007166   3.759e-05  OAI22_X1
mult_b1_mult_15_U522           0.0003495   0.0003306   0.0007162   3.614e-05  XNOR2_X1
mult_a0_mult_15_U412           0.0003566   0.0003213   0.0007155   3.759e-05  OAI22_X1
saturation_U20                 0.0004037   0.0002835   0.0007148   2.759e-05  OAI21_X1
FE_RC_16_0                     0.0004133    0.000264   0.0007097   3.238e-05  AOI21_X1
mult_b1_mult_15_U393           0.0003464    0.000323    0.000707   3.759e-05  OAI22_X1
mult_a0_mult_15_U398           0.0003459   0.0003227   0.0007062   3.759e-05  OAI22_X1
mult_a0_mult_15_U468           0.0003638   0.0003041   0.0007055   3.759e-05  OAI22_X1
saturation_U10                 0.0004041     0.00027   0.0007017   2.759e-05  OAI21_X1
mult_a0_mult_15_U388            0.000346   0.0003174    0.000701   3.759e-05  OAI22_X1
mult_b1_mult_15_U463           0.0003626   0.0002923   0.0006925   3.759e-05  OAI22_X1
mult_b1_mult_15_U526           0.0003481   0.0003057     0.00069   3.614e-05  XNOR2_X1
mult_b1_mult_15_U437           0.0003491   0.0003037     0.00069   3.718e-05  XNOR2_X1
FE_RC_18_0                      0.000423   0.0002343   0.0006897   3.238e-05  AOI21_X1
FE_RC_21_0                     0.0004236    0.000233    0.000689   3.238e-05  AOI21_X1
mult_b0_mult_15_U321           0.0002223    0.000451   0.0006863   1.303e-05  INV_X1
mult_b1_mult_15_U417           0.0003566   0.0002921   0.0006862   3.759e-05  OAI22_X1
saturation_U8                  0.0004044    0.000253   0.0006849   2.759e-05  OAI21_X1
mult_a0_mult_15_U451           0.0003633   0.0002835   0.0006843   3.759e-05  OAI22_X1
FE_RC_15_0                      0.000412   0.0002387    0.000683   3.238e-05  AOI21_X1
mult_a0_mult_15_U438           0.0003714   0.0002738   0.0006824   3.718e-05  XNOR2_X1
mult_a0_mult_15_U452           0.0003712   0.0002736    0.000682   3.718e-05  XNOR2_X1
mult_b1_mult_15_U446            0.000362   0.0002816   0.0006812   3.759e-05  OAI22_X1
saturation_U18                 0.0004045   0.0002485   0.0006806   2.759e-05  OAI21_X1
mult_b1_mult_15_U435           0.0003716   0.0002715   0.0006803   3.718e-05  XNOR2_X1
FE_RC_19_0                     0.0004282   0.0002212   0.0006792   2.981e-05  AOI21_X1
mult_b1_mult_15_U423           0.0003441    0.000297   0.0006783   3.718e-05  XNOR2_X1
mult_b1_mult_15_U499           0.0003611   0.0002793   0.0006775   3.718e-05  XNOR2_X1
saturation_U22                 0.0004046    0.000245   0.0006771   2.759e-05  OAI21_X1
mult_b1_mult_15_U518           0.0003446   0.0002963   0.0006771   3.614e-05  XNOR2_X1
mult_b1_mult_15_U383           0.0003412   0.0002977   0.0006765   3.759e-05  OAI22_X1
FE_RC_22_0                     0.0004162   0.0002302   0.0006757   2.926e-05  AOI21_X1
FE_RC_20_0                     0.0004268    0.000218   0.0006747   2.997e-05  AOI21_X1
mult_a0_mult_15_U394           0.0003462   0.0002896   0.0006734   3.759e-05  OAI22_X1
mult_a0_mult_15_U419           0.0003656   0.0002702    0.000673   3.718e-05  XNOR2_X1
mult_a0_mult_15_U423           0.0003656   0.0002693   0.0006721   3.718e-05  XNOR2_X1
mult_a0_mult_15_U440           0.0003716   0.0002632    0.000672   3.718e-05  XNOR2_X1
saturation_U16                 0.0004047   0.0002389   0.0006712   2.759e-05  OAI21_X1
saturation_U14                 0.0004047   0.0002387    0.000671   2.759e-05  OAI21_X1
mult_a0_mult_15_U454            0.000371   0.0002619     0.00067   3.718e-05  XNOR2_X1
mult_a0_mult_15_U444           0.0003716     0.00026   0.0006688   3.718e-05  XNOR2_X1
mult_a0_mult_15_U448           0.0003715   0.0002595   0.0006682   3.718e-05  XNOR2_X1
mult_b1_mult_15_U501           0.0003612    0.000269   0.0006674   3.718e-05  XNOR2_X1
mult_b1_mult_15_U460           0.0003636   0.0002663   0.0006672   3.718e-05  XNOR2_X1
saturation_U6                  0.0004046   0.0002349    0.000667   2.759e-05  OAI21_X1
mult_a0_mult_15_U415           0.0003657    0.000264   0.0006669   3.718e-05  XNOR2_X1
mult_a0_mult_15_U422            0.000358   0.0002703   0.0006659   3.759e-05  OAI22_X1
mult_a0_mult_15_U455           0.0003711   0.0002575   0.0006658   3.718e-05  XNOR2_X1
mult_a0_mult_15_U400           0.0003463   0.0002819   0.0006658   3.759e-05  OAI22_X1
saturation_U12                 0.0004048   0.0002331   0.0006655   2.759e-05  OAI21_X1
mult_b1_mult_15_U386           0.0003587   0.0002693   0.0006651   3.718e-05  XNOR2_X1
mult_a0_mult_15_U467           0.0003634    0.000264   0.0006646   3.718e-05  XNOR2_X1
mult_b1_mult_15_U433           0.0003719   0.0002553   0.0006644   3.718e-05  XNOR2_X1
mult_b1_mult_15_U497           0.0003613   0.0002657   0.0006642   3.718e-05  XNOR2_X1
mult_a0_mult_15_U446           0.0003717   0.0002549   0.0006638   3.718e-05  XNOR2_X1
mult_b1_mult_15_U412            0.000366   0.0002606   0.0006637   3.718e-05  XNOR2_X1
mult_b1_mult_15_U394           0.0003587   0.0002676   0.0006635   3.718e-05  XNOR2_X1
mult_b1_mult_15_U370           0.0003547   0.0002713   0.0006632   3.718e-05  XNOR2_X1
mult_a0_mult_15_U464           0.0003635   0.0002624    0.000663   3.718e-05  XNOR2_X1
mult_a0_mult_15_U417           0.0003658   0.0002594   0.0006624   3.718e-05  XNOR2_X1
mult_a0_mult_15_U426           0.0003657   0.0002595   0.0006623   3.718e-05  XNOR2_X1
mult_a0_mult_15_U465           0.0003636   0.0002615   0.0006622   3.718e-05  XNOR2_X1
mult_b1_mult_15_U391           0.0003468   0.0002776    0.000662   3.759e-05  OAI22_X1
mult_a0_mult_15_U442           0.0003717   0.0002526   0.0006615   3.718e-05  XNOR2_X1
mult_b1_mult_15_U410            0.000366   0.0002581   0.0006613   3.718e-05  XNOR2_X1
mult_a0_mult_15_U478           0.0003629   0.0002609    0.000661   3.718e-05  XNOR2_X1
mult_a0_mult_15_U431           0.0003651    0.000258   0.0006603   3.718e-05  XNOR2_X1
mult_b1_mult_15_U398           0.0003588   0.0002643   0.0006602   3.718e-05  XNOR2_X1
mult_b1_mult_15_U402           0.0003583   0.0002645     0.00066   3.718e-05  XNOR2_X1
mult_b1_mult_15_U498           0.0003574    0.000265   0.0006599   3.759e-05  OAI22_X1
mult_b1_mult_15_U368           0.0003548   0.0002677   0.0006597   3.718e-05  XNOR2_X1
mult_a0_mult_15_U428           0.0003656   0.0002567   0.0006595   3.718e-05  XNOR2_X1
mult_a0_mult_15_U457           0.0003712   0.0002498   0.0006581   3.718e-05  XNOR2_X1
mult_a0_mult_15_U450           0.0003717   0.0002488   0.0006576   3.718e-05  XNOR2_X1
mult_a0_mult_15_U480            0.000363   0.0002571   0.0006572   3.718e-05  XNOR2_X1
mult_a0_mult_15_U462           0.0003636   0.0002561   0.0006569   3.718e-05  XNOR2_X1
mult_a0_mult_15_U390           0.0003471   0.0002722   0.0006569   3.759e-05  OAI22_X1
mult_a0_mult_15_U421           0.0003658   0.0002538   0.0006568   3.718e-05  XNOR2_X1
mult_b1_mult_15_U457           0.0003638   0.0002556   0.0006566   3.718e-05  XNOR2_X1
mult_b0_mult_15_U337           0.0002075   0.0004317   0.0006565   1.727e-05  INV_X1
mult_b1_mult_15_U385           0.0003469   0.0002718   0.0006563   3.759e-05  OAI22_X1
mult_a0_mult_15_U377           0.0003375   0.0002815   0.0006562   3.718e-05  XNOR2_X1
mult_a0_mult_15_U473           0.0003635   0.0002552   0.0006558   3.718e-05  XNOR2_X1
mult_b1_mult_15_U322           0.0001472    0.000496   0.0006558   1.253e-05  INV_X1
mult_a0_mult_15_U510           0.0003612   0.0002573   0.0006557   3.718e-05  XNOR2_X1
mult_a0_mult_15_U469           0.0003636   0.0002534   0.0006542   3.718e-05  XNOR2_X1
mult_a0_mult_15_U508           0.0003612   0.0002557   0.0006541   3.718e-05  XNOR2_X1
FE_DBTC4_reg_out_11            0.0001471   0.0004946    0.000654   1.228e-05  INV_X1
mult_a0_mult_15_U393           0.0003587   0.0002579   0.0006538   3.718e-05  XNOR2_X1
mult_a0_mult_15_U519           0.0003606   0.0002558   0.0006536   3.718e-05  XNOR2_X1
mult_b1_mult_15_U374           0.0003549   0.0002611   0.0006532   3.718e-05  XNOR2_X1
mult_b1_mult_15_U392           0.0003589   0.0002568   0.0006529   3.718e-05  XNOR2_X1
mult_b1_mult_15_U486           0.0003407   0.0002755   0.0006523   3.614e-05  XNOR2_X1
mult_b1_mult_15_U390           0.0003589   0.0002559    0.000652   3.718e-05  XNOR2_X1
mult_a0_mult_15_U518           0.0003607   0.0002538   0.0006516   3.718e-05  XNOR2_X1
mult_b1_mult_15_U421           0.0003444     0.00027   0.0006516   3.718e-05  XNOR2_X1
mult_b1_mult_15_U449            0.000349    0.000265   0.0006511   3.718e-05  XNOR2_X1
mult_b1_mult_15_U378           0.0003545   0.0002594    0.000651   3.718e-05  XNOR2_X1
mult_b0_mult_15_U338           0.0002104   0.0004236    0.000651   1.705e-05  INV_X1
mult_a0_mult_15_U475           0.0003635   0.0002501   0.0006508   3.718e-05  XNOR2_X1
mult_b1_mult_15_U389           0.0003469   0.0002663   0.0006508   3.759e-05  OAI22_X1
mult_b1_mult_15_U447           0.0003495   0.0002637   0.0006503   3.718e-05  XNOR2_X1
mult_b1_mult_15_U503            0.000333   0.0002795   0.0006497   3.718e-05  XNOR2_X1
mult_b1_mult_15_U372            0.000355   0.0002575   0.0006496   3.718e-05  XNOR2_X1
mult_a0_mult_15_U425           0.0003658   0.0002465   0.0006496   3.718e-05  XNOR2_X1
mult_a0_mult_15_U477           0.0003631   0.0002488   0.0006491   3.718e-05  XNOR2_X1
mult_b1_mult_15_U388            0.000359   0.0002529   0.0006491   3.718e-05  XNOR2_X1
mult_a0_mult_15_U512           0.0003612   0.0002505   0.0006489   3.718e-05  XNOR2_X1
mult_a0_mult_15_U514           0.0003612   0.0002505   0.0006489   3.718e-05  XNOR2_X1
mult_b1_mult_15_U443           0.0003495   0.0002619   0.0006486   3.718e-05  XNOR2_X1
mult_b1_mult_15_U366            0.000355   0.0002564   0.0006485   3.718e-05  XNOR2_X1
FE_RC_10_0                     0.0002973   0.0003191   0.0006484   3.206e-05  AOI21_X1
mult_a0_mult_15_U516           0.0003612     0.00025   0.0006484   3.718e-05  XNOR2_X1
mult_a0_mult_15_U504           0.0003614   0.0002495   0.0006481   3.718e-05  XNOR2_X1
mult_b1_mult_15_U403           0.0003585   0.0002523   0.0006479   3.718e-05  XNOR2_X1
mult_a0_mult_15_U433           0.0003654   0.0002454   0.0006479   3.718e-05  XNOR2_X1
mult_a0_mult_15_U430           0.0003654   0.0002451   0.0006476   3.718e-05  XNOR2_X1
mult_a0_mult_15_U375           0.0003376   0.0002728   0.0006476   3.718e-05  XNOR2_X1
mult_a0_mult_15_U471           0.0003636   0.0002468   0.0006476   3.718e-05  XNOR2_X1
mult_b1_mult_15_U530           0.0003351   0.0002761   0.0006474   3.614e-05  XNOR2_X1
mult_b1_mult_15_U450            0.000349   0.0002605   0.0006467   3.718e-05  XNOR2_X1
mult_a0_mult_15_U502           0.0003615   0.0002468   0.0006455   3.718e-05  XNOR2_X1
mult_a0_mult_15_U391           0.0003589   0.0002479    0.000644   3.718e-05  XNOR2_X1
mult_a0_mult_15_U371           0.0003377   0.0002686   0.0006435   3.718e-05  XNOR2_X1
mult_b1_mult_15_U491            0.000355   0.0002513   0.0006435   3.718e-05  XNOR2_X1
mult_b1_mult_15_U426           0.0003439   0.0002621   0.0006432   3.718e-05  XNOR2_X1
mult_a0_mult_15_U506           0.0003615   0.0002435   0.0006421   3.718e-05  XNOR2_X1
mult_b1_mult_15_U396           0.0003591   0.0002458   0.0006421   3.718e-05  XNOR2_X1
mult_b1_mult_15_U376           0.0003551   0.0002498   0.0006421   3.718e-05  XNOR2_X1
mult_b1_mult_15_U395           0.0003469    0.000257   0.0006416   3.759e-05  OAI22_X1
mult_b1_mult_15_U439           0.0003496   0.0002544   0.0006412   3.718e-05  XNOR2_X1
mult_a0_mult_15_U496           0.0003548   0.0002491   0.0006411   3.718e-05  XNOR2_X1
mult_b1_mult_15_U400           0.0003591   0.0002447   0.0006409   3.718e-05  XNOR2_X1
mult_a0_mult_15_U385           0.0003371   0.0002664   0.0006407   3.718e-05  XNOR2_X1
mult_b1_mult_15_U441           0.0003496   0.0002535   0.0006403   3.718e-05  XNOR2_X1
mult_b1_mult_15_U420           0.0003445   0.0002583     0.00064   3.718e-05  XNOR2_X1
mult_a0_mult_15_U396           0.0003465   0.0002554   0.0006395   3.759e-05  OAI22_X1
mult_b1_mult_15_U380           0.0003546   0.0002476   0.0006394   3.718e-05  XNOR2_X1
mult_b1_mult_15_U445           0.0003496   0.0002524   0.0006393   3.718e-05  XNOR2_X1
mult_b1_mult_15_U382           0.0003546   0.0002471   0.0006389   3.718e-05  XNOR2_X1
mult_b1_mult_15_U418           0.0003445   0.0002571   0.0006388   3.718e-05  XNOR2_X1
mult_a0_mult_15_U397            0.000336   0.0002647   0.0006379   3.718e-05  XNOR2_X1
mult_a0_mult_15_U401           0.0003359   0.0002647   0.0006379   3.718e-05  XNOR2_X1
mult_b1_mult_15_U452           0.0003491   0.0002515   0.0006377   3.718e-05  XNOR2_X1
mult_b1_mult_15_U472           0.0003412   0.0002578   0.0006362   3.718e-05  XNOR2_X1
mult_b1_mult_15_U414           0.0003446   0.0002531   0.0006349   3.718e-05  XNOR2_X1
mult_b1_mult_15_U464           0.0003418   0.0002557   0.0006347   3.718e-05  XNOR2_X1
mult_a0_mult_15_U373           0.0003378   0.0002586   0.0006336   3.718e-05  XNOR2_X1
mult_b1_mult_15_U466           0.0003418   0.0002546   0.0006336   3.718e-05  XNOR2_X1
mult_b1_mult_15_U425            0.000344   0.0002519   0.0006331   3.718e-05  XNOR2_X1
mult_b1_mult_15_U473           0.0003413   0.0002546   0.0006331   3.718e-05  XNOR2_X1
mult_a0_mult_15_U383           0.0003372   0.0002586    0.000633   3.718e-05  XNOR2_X1
mult_b1_mult_15_U468           0.0003418   0.0002538   0.0006328   3.718e-05  XNOR2_X1
mult_b1_mult_15_U514           0.0003325   0.0002623   0.0006319   3.718e-05  XNOR2_X1
mult_b1_mult_15_U505           0.0003331   0.0002613   0.0006316   3.718e-05  XNOR2_X1
mult_b1_mult_15_U462           0.0003419   0.0002517   0.0006308   3.718e-05  XNOR2_X1
mult_b1_mult_15_U507           0.0003331   0.0002601   0.0006304   3.718e-05  XNOR2_X1
mult_b0_mult_15_U318           0.0001883   0.0004291   0.0006301   1.271e-05  INV_X1
mult_b1_mult_15_U459           0.0003419    0.000251   0.0006301   3.718e-05  XNOR2_X1
mult_b1_mult_15_U475           0.0003413   0.0002514   0.0006298   3.718e-05  XNOR2_X1
mult_b1_mult_15_U416           0.0003447   0.0002476   0.0006294   3.718e-05  XNOR2_X1
mult_a0_mult_15_U408           0.0003355   0.0002565   0.0006292   3.718e-05  XNOR2_X1
mult_b0_mult_15_U317           0.0001891   0.0004255    0.000629   1.435e-05  INV_X1
mult_b0_mult_15_U322           0.0001881    0.000428   0.0006289    1.28e-05  INV_X1
mult_a0_mult_15_U381           0.0003377   0.0002538   0.0006287   3.718e-05  XNOR2_X1
mult_a0_mult_15_U321           0.0001892   0.0004238   0.0006273   1.428e-05  INV_X1
mult_a0_mult_15_U403            0.000336   0.0002539   0.0006271   3.718e-05  XNOR2_X1
mult_b1_mult_15_U509           0.0003331   0.0002564   0.0006267   3.718e-05  XNOR2_X1
mult_a0_mult_15_U320           0.0001881   0.0004266   0.0006266   1.193e-05  INV_X1
mult_b1_mult_15_U470           0.0003419   0.0002469    0.000626   3.718e-05  XNOR2_X1
mult_a0_mult_15_U387           0.0003373   0.0002511   0.0006255   3.718e-05  XNOR2_X1
mult_a0_mult_15_U395           0.0003362    0.000252   0.0006253   3.718e-05  XNOR2_X1
mult_b0_mult_15_U326           0.0001921     0.00042   0.0006248   1.276e-05  INV_X1
mult_a0_mult_15_U322           0.0001469   0.0004654   0.0006248   1.253e-05  INV_X1
mult_a0_mult_15_U379           0.0003378   0.0002493   0.0006243   3.718e-05  XNOR2_X1
mult_a0_mult_15_U318            0.000189   0.0004211   0.0006242    1.41e-05  INV_X1
mult_b0_mult_15_U319            0.000189   0.0004202   0.0006235    1.43e-05  INV_X1
saturation_U5                  0.0001924   0.0004167   0.0006234   1.435e-05  INV_X1
mult_a0_mult_15_U399           0.0003361   0.0002484   0.0006217   3.718e-05  XNOR2_X1
mult_a0_mult_15_U405            0.000336   0.0002463   0.0006195   3.718e-05  XNOR2_X1
mult_b1_mult_15_U513           0.0003326   0.0002487   0.0006184   3.718e-05  XNOR2_X1
mult_b1_mult_15_U320           0.0001891   0.0004149   0.0006183   1.428e-05  INV_X1
mult_b1_mult_15_U318           0.0001892   0.0004146   0.0006178    1.41e-05  INV_X1
mult_b1_mult_15_U319           0.0001883   0.0004164   0.0006166   1.193e-05  INV_X1
mult_b1_mult_15_U511           0.0003331   0.0002455   0.0006157   3.718e-05  XNOR2_X1
mult_a0_mult_15_U407           0.0003356   0.0002424   0.0006152   3.718e-05  XNOR2_X1
mult_b1_mult_15_U354           0.0003326   0.0002399   0.0006098   3.718e-05  XNOR2_X1
mult_b1_mult_15_U365           0.0002803   0.0002839   0.0006041   4.002e-05  OAI22_X1
mult_b0_mult_15_U334           0.0001929   0.0003954   0.0006011   1.276e-05  INV_X1
mult_a0_mult_15_U370            0.000279   0.0002812   0.0006002   4.002e-05  OAI22_X1
mult_a0_mult_15_U380           0.0002789   0.0002811   0.0006001   4.002e-05  OAI22_X1
mult_b1_mult_15_U369           0.0002804   0.0002766    0.000597   4.002e-05  OAI22_X1
mult_b0_mult_15_U325           0.0002282   0.0003547   0.0005959   1.303e-05  INV_X1
mult_a0_mult_15_U374           0.0002791   0.0002735   0.0005926   4.002e-05  OAI22_X1
mult_b0_mult_15_U336           0.0001988   0.0003765   0.0005881   1.276e-05  INV_X1
mult_a0_mult_15_U384           0.0002791   0.0002643   0.0005834   4.002e-05  OAI22_X1
mult_b1_mult_15_U375           0.0002804   0.0002608   0.0005812   4.002e-05  OAI22_X1
mult_a0_mult_15_U372           0.0002791   0.0002618   0.0005809   4.002e-05  OAI22_X1
mult_a0_mult_15_U376           0.0002791   0.0002568    0.000576   4.002e-05  OAI22_X1
mult_b1_mult_15_U367           0.0002805   0.0002546   0.0005752   4.002e-05  OAI22_X1
mult_b1_mult_15_U371           0.0002805   0.0002519   0.0005724   4.002e-05  OAI22_X1
mult_b1_mult_15_U364           0.0002804    0.000251   0.0005715   4.002e-05  OAI22_X1
mult_a0_mult_15_U369           0.0002794   0.0002515    0.000571   4.002e-05  OAI22_X1
mult_b0_mult_15_U343           0.0001994   0.0003588   0.0005709   1.276e-05  INV_X1
mult_a0_mult_15_U382           0.0002791     0.00025   0.0005691   4.002e-05  OAI22_X1
mult_b1_mult_15_U431           0.0003767   0.0001513   0.0005671   3.911e-05  XNOR2_X1
mult_b1_mult_15_U317           0.0001675   0.0003854   0.0005646   1.171e-05  INV_X1
mult_b0_mult_15_U335           0.0002009   0.0003501   0.0005638   1.276e-05  INV_X1
mult_b1_mult_15_U379           0.0002805   0.0002417   0.0005622   4.002e-05  OAI22_X1
mult_a0_mult_15_U436           0.0003768    0.000134   0.0005499   3.911e-05  XNOR2_X1
mult_b1_mult_15_U334           0.0001671   0.0003697   0.0005493   1.253e-05  INV_X1
mult_b0_mult_15_U341           0.0004145    0.000111   0.0005491   2.363e-05  AND2_X1
mult_a0_mult_15_U317           0.0001675   0.0003689   0.0005481   1.171e-05  INV_X1
mult_a0_mult_15_U338           0.0001655   0.0003685   0.0005465   1.253e-05  INV_X1
mult_a0_mult_15_U413           0.0003708   0.0001355   0.0005454   3.911e-05  XNOR2_X1
mult_a0_mult_15_U378           0.0002791   0.0002253   0.0005445   4.002e-05  OAI22_X1
mult_b1_mult_15_U384           0.0003639   0.0001409   0.0005439   3.911e-05  XNOR2_X1
mult_b1_mult_15_U404           0.0003226   0.0001806   0.0005435   4.021e-05  OAI22_X1
mult_b1_mult_15_U408           0.0003712   0.0001321   0.0005424   3.911e-05  XNOR2_X1
mult_b1_mult_15_U427            0.000337   0.0001636   0.0005408   4.021e-05  OAI22_X1
mult_b1_mult_15_U455           0.0003689   0.0001315   0.0005395   3.911e-05  XNOR2_X1
mult_b1_mult_15_U377           0.0002807   0.0002182   0.0005389   4.002e-05  OAI22_X1
mult_b1_mult_15_U331           0.0001653   0.0003589   0.0005368   1.253e-05  INV_X1
mult_a0_mult_15_U460           0.0003686   0.0001288   0.0005365   3.911e-05  XNOR2_X1
mult_b1_mult_15_U495           0.0003672   0.0001238   0.0005302   3.911e-05  XNOR2_X1
mult_a0_mult_15_U332           0.0001671     0.00035   0.0005295   1.253e-05  INV_X1
mult_a0_mult_15_U389           0.0003639   0.0001262   0.0005292   3.911e-05  XNOR2_X1
mult_b1_mult_15_U373           0.0002808   0.0002084   0.0005291   4.002e-05  OAI22_X1
mult_a0_mult_15_U500            0.000367   0.0001204   0.0005265   3.911e-05  XNOR2_X1
FE_RC_11_0                     0.0002992   0.0001873   0.0005201   3.356e-05  AOI21_X1
mult_a0_mult_15_U319           0.0001648   0.0003395   0.0005169   1.253e-05  INV_X1
mult_a0_mult_15_U495            0.000247   0.0002286   0.0005156   4.002e-05  OAI22_X1
FE_RC_9_0                         0.0003   0.0001758   0.0005094   3.356e-05  AOI21_X1
mult_b1_mult_15_U490           0.0002476   0.0002211   0.0005087   4.002e-05  OAI22_X1
mult_b1_mult_15_U321           0.0001705   0.0003253   0.0005084   1.253e-05  INV_X1
FE_RC_12_0                     0.0003016   0.0001645   0.0004997   3.356e-05  AOI21_X1
mult_a0_mult_15_U333           0.0001332   0.0003529   0.0004984   1.234e-05  INV_X1
reg0_U26                        7.32e-05   0.0003852   0.0004978   3.947e-05  NOR2_X2
FE_RC_13_0                     0.0002975   0.0001657   0.0004967   3.356e-05  AOI21_X1
FE_RC_8_0                      0.0002986   0.0001571   0.0004893   3.356e-05  AOI21_X1
FE_RC_14_0                     0.0002891   0.0001537   0.0004764   3.356e-05  AOI21_X1
mult_b1_mult_15_U349           0.0004474           0   0.0004728   2.541e-05  AOI21_X1
mult_a0_mult_15_U354           0.0004459           0    0.000471   2.516e-05  AOI21_X1
DOUT_reg_U3                    7.342e-05   0.0003475   0.0004604   3.947e-05  NOR2_X2
reg0_U3                        7.336e-05   0.0003435   0.0004578   4.093e-05  NOR2_X2
mult_b0_mult_15_U350           0.0004282           0    0.000454   2.579e-05  AOI21_X1
mult_b1_mult_15_U330           0.0001724   0.0002683   0.0004533   1.253e-05  INV_X1
mult_b0_mult_15_U514           0.0003022   0.0001222   0.0004488   2.441e-05  OR3_X1
mult_a0_mult_15_U337           0.0001679   0.0002669   0.0004473   1.253e-05  INV_X1
mult_b1_mult_15_U333           0.0001431   0.0002901   0.0004457   1.253e-05  INV_X1
mult_b0_mult_15_U522           0.0003029   0.0001181   0.0004454   2.441e-05  OR3_X1
mult_b0_mult_15_U407           0.0001593   0.0002635    0.000444    2.12e-05  NOR2_X1
mult_b0_mult_15_U324           0.0002132   0.0002172   0.0004434   1.303e-05  INV_X1
mult_b1_mult_15_U335           0.0001413   0.0002896   0.0004433   1.234e-05  INV_X1
saturation_U9                  0.0001906   0.0002377   0.0004427   1.435e-05  INV_X1
mult_b0_mult_15_U526           0.0003016   0.0001134   0.0004394   2.441e-05  OR3_X1
saturation_U21                 0.0001906    0.000234    0.000439   1.435e-05  INV_X1
mult_b0_mult_15_U518           0.0003023   0.0001108   0.0004376   2.441e-05  OR3_X1
mult_b1_mult_15_U332           0.0001502   0.0002716   0.0004343   1.253e-05  INV_X1
mult_a0_mult_15_U339           0.0001406   0.0002777   0.0004306   1.234e-05  INV_X1
mult_b0_mult_15_U454           0.0001633    0.000246   0.0004305    2.12e-05  NOR2_X1
mult_b0_mult_15_U477           0.0001627   0.0002463   0.0004302    2.12e-05  NOR2_X1
mult_b0_mult_15_U430           0.0001624   0.0002451   0.0004287    2.12e-05  NOR2_X1
saturation_U3                  0.0001918   0.0002209   0.0004271   1.435e-05  INV_X1
mult_b1_mult_15_U336           0.0001431     0.00027   0.0004254   1.234e-05  INV_X1
saturation_U4                  0.0001917    0.000219   0.0004251   1.435e-05  INV_X1
saturation_U23                 0.0001906   0.0002164   0.0004213   1.435e-05  INV_X1
mult_b1_mult_15_U481           0.0002574   0.0001335    0.000421   3.014e-05  AOI222_X1
mult_a0_mult_15_U340           0.0001431   0.0002655    0.000421   1.234e-05  INV_X1
saturation_U7                  0.0001907   0.0002129   0.0004179   1.435e-05  INV_X1
mult_a0_mult_15_U341           0.0001432   0.0002621   0.0004177   1.234e-05  INV_X1
mult_a0_mult_15_U528           0.0001681   0.0002003   0.0004095   4.106e-05  OAI21_X1
mult_b1_mult_15_U519           0.0001692   0.0001991   0.0004094   4.106e-05  OAI21_X1
mult_b1_mult_15_U523           0.0001679   0.0001976   0.0004066   4.106e-05  OAI21_X1
saturation_U11                 0.0001899   0.0002011   0.0004053   1.435e-05  INV_X1
saturation_U19                 0.0001899   0.0002009   0.0004052   1.435e-05  INV_X1
saturation_U15                 0.0001899   0.0002009   0.0004052   1.435e-05  INV_X1
saturation_U17                 0.0001899   0.0002009   0.0004052   1.435e-05  INV_X1
mult_b1_mult_15_U515           0.0001667   0.0001969   0.0004047   4.106e-05  OAI21_X1
saturation_U13                 0.0001898   0.0001993   0.0004035   1.435e-05  INV_X1
mult_a0_mult_15_U532           0.0001627   0.0001961   0.0003999   4.106e-05  OAI21_X1
mult_a0_mult_15_U487           0.0002709   0.0001007   0.0003998    2.81e-05  AOI222_X1
mult_a0_mult_15_U486            0.000256   0.0001133   0.0003993   3.012e-05  AOI222_X1
mult_b1_mult_15_U482           0.0002701   9.628e-05   0.0003946   2.819e-05  AOI222_X1
mult_a0_mult_15_U524           0.0001695    0.000184   0.0003945   4.106e-05  OAI21_X1
mult_a0_mult_15_U520           0.0001672   0.0001789   0.0003872   4.106e-05  OAI21_X1
mult_b1_mult_15_U483           0.0001643   0.0001717   0.0003771   4.106e-05  OAI21_X1
mult_a0_mult_15_U488           0.0001643   0.0001703   0.0003757   4.106e-05  OAI21_X1
mult_b1_mult_15_U527           0.0001629   0.0001709   0.0003748   4.106e-05  OAI21_X1
FE_RC_25_0                     0.0002126   0.0001181   0.0003661   3.536e-05  AOI21_X1
reg0_U15                       0.0002184   0.0001221   0.0003645   2.412e-05  AOI22_X1
reg0_U11                       0.0002222   0.0001177   0.0003641   2.412e-05  AOI22_X1
FE_RC_5_0                      0.0002143   0.0001141   0.0003638   3.536e-05  AOI21_X1
reg0_U13                       0.0002251   0.0001141   0.0003633   2.412e-05  AOI22_X1
DOUT_reg_U4                    3.539e-05   0.0003045   0.0003603   2.047e-05  NOR2_X1
reg0_U21                       0.0002138   0.0001102   0.0003482   2.412e-05  AOI22_X1
mult_b0_mult_15_U485           0.0002121   0.0001177   0.0003478    1.81e-05  NAND3_X1
reg0_U17                       0.0002125   0.0001071   0.0003437   2.412e-05  AOI22_X1
reg0_U19                       0.0002154   0.0001029   0.0003424   2.412e-05  AOI22_X1
mult_a0_mult_15_U331           0.0001009   0.0002267   0.0003395   1.187e-05  INV_X1
mult_a0_mult_15_U323           0.0001586   0.0001635   0.0003346   1.253e-05  INV_X1
mult_b0_mult_15_U342           0.0002414   6.336e-05   0.0003313   2.653e-05  AND3_X1
DOUT_reg_U24                   0.0001884   0.0001132   0.0003258   2.412e-05  AOI22_X1
mult_b1_mult_15_U329           0.0001014   0.0002121   0.0003253   1.187e-05  INV_X1
reg0_U7                        0.0001899   0.0001113   0.0003253   2.412e-05  AOI22_X1
reg0_U23                       0.0001859   0.0001151   0.0003251   2.412e-05  AOI22_X1
U5                             1.939e-05    0.000291   0.0003247   1.435e-05  INV_X1
reg0_U25                       0.0001903   0.0001102   0.0003246   2.412e-05  AOI22_X1
DOUT_reg_U16                   0.0001863   0.0001118   0.0003219   2.385e-05  AOI22_X1
DOUT_reg_U18                   0.0001863   0.0001117   0.0003219   2.385e-05  AOI22_X1
DOUT_reg_U10                   0.0001864   0.0001104   0.0003207   2.385e-05  AOI22_X1
DOUT_reg_U6                    0.0001862   0.0001104   0.0003204   2.385e-05  AOI22_X1
DOUT_reg_U14                   0.0001862   0.0001102   0.0003203   2.385e-05  AOI22_X1
reg0_U9                        0.0001842   0.0001115   0.0003198   2.412e-05  AOI22_X1
DOUT_reg_U8                    0.0001863   0.0001095   0.0003197   2.385e-05  AOI22_X1
mult_b1_mult_15_U453           9.705e-05   0.0001992   0.0003182    2.19e-05  NOR2_X1
reg0_U5                        0.0001819   0.0001114   0.0003175   2.412e-05  AOI22_X1
DOUT_reg_U12                   0.0001861   0.0001064   0.0003164   2.385e-05  AOI22_X1
DOUT_reg_U20                   0.0001865   0.0001059   0.0003162   2.385e-05  AOI22_X1
mult_b1_mult_15_U324           0.0001003   0.0001974   0.0003158    1.81e-05  INV_X1
DOUT_reg_U22                   0.0001862   0.0001044   0.0003144   2.385e-05  AOI22_X1
mult_a0_mult_15_U334           9.745e-05   0.0001986   0.0003142   1.811e-05  INV_X1
mult_b1_mult_15_U323           0.0001451    0.000156   0.0003135   1.234e-05  INV_X1
mult_a0_mult_15_U481           9.497e-05   0.0001946   0.0003115    2.19e-05  NOR2_X1
mult_b1_mult_15_U476           9.596e-05   0.0001865   0.0003044    2.19e-05  NOR2_X1
reg0_U28                       0.0001777   9.925e-05    0.000301   2.412e-05  AOI22_X1
mult_a0_mult_15_U458           9.832e-05   0.0001783   0.0002985    2.19e-05  NOR2_X1
mult_a0_mult_15_U335           8.845e-05    0.000186   0.0002925   1.804e-05  INV_X1
mult_b1_mult_15_U327            8.82e-05   0.0001796   0.0002859   1.803e-05  INV_X1
mult_a0_mult_15_U434           9.864e-05   0.0001641   0.0002846    2.19e-05  NOR2_X1
add_a0_add_16_U1               0.0001494   0.0001097   0.0002819   2.277e-05  AND2_X1
mult_b1_mult_15_U429           9.809e-05   0.0001599   0.0002799    2.19e-05  NOR2_X1
mult_a0_mult_15_U411           9.696e-05   0.0001602   0.0002791    2.19e-05  NOR2_X1
mult_b1_mult_15_U406            9.71e-05   0.0001589   0.0002779    2.19e-05  NOR2_X1
FE_RC_2_0                      1.968e-05   0.0002405   0.0002745   1.435e-05  INV_X1
mult_b1_mult_15_U487           0.0001339   5.294e-05   0.0002264   3.955e-05  MUX2_X1
mult_a0_mult_15_U492           0.0001336   5.002e-05   0.0002232   3.955e-05  MUX2_X1
mult_b1_mult_15_U337           1.877e-05    0.000178   0.0002111   1.435e-05  INV_X1
mult_b0_mult_15_U344           1.874e-05   0.0001772   0.0002103   1.435e-05  INV_X1
mult_a0_mult_15_U343           1.865e-05   0.0001719   0.0002049   1.435e-05  INV_X1
DOUT_reg_U7                    9.704e-05   8.382e-05   0.0001974   1.657e-05  INV_X1
reg0_U12                       0.0001024   7.508e-05   0.0001939   1.643e-05  INV_X1
reg0_U10                       0.0001014   7.579e-05   0.0001936   1.643e-05  INV_X1
DOUT_reg_U19                   9.689e-05   8.002e-05   0.0001935   1.657e-05  INV_X1
reg0_U24                       9.577e-05   8.079e-05    0.000193   1.643e-05  INV_X1
reg0_U8                        9.365e-05   8.169e-05   0.0001918   1.643e-05  INV_X1
reg0_U14                       0.0001006   7.435e-05   0.0001914   1.643e-05  INV_X1
DOUT_reg_U11                   9.695e-05   7.784e-05   0.0001914   1.657e-05  INV_X1
DOUT_reg_U5                    9.713e-05   7.736e-05   0.0001911   1.657e-05  INV_X1
reg0_U6                        9.588e-05   7.829e-05   0.0001906   1.643e-05  INV_X1
DOUT_reg_U15                   9.717e-05    7.67e-05   0.0001904   1.657e-05  INV_X1
DOUT_reg_U17                   9.717e-05   7.669e-05   0.0001904   1.657e-05  INV_X1
reg0_U22                       9.399e-05   7.944e-05   0.0001899   1.643e-05  INV_X1
DOUT_reg_U9                    9.714e-05   7.598e-05   0.0001897   1.657e-05  INV_X1
reg0_U20                       9.748e-05   7.549e-05   0.0001894   1.643e-05  INV_X1
DOUT_reg_U13                   9.714e-05   7.514e-05   0.0001888   1.657e-05  INV_X1
reg0_U16                       9.778e-05   7.404e-05   0.0001882   1.643e-05  INV_X1
DOUT_reg_U23                   9.784e-05   7.375e-05    0.000188   1.643e-05  INV_X1
DOUT_reg_U21                   9.683e-05   7.449e-05   0.0001879   1.657e-05  INV_X1
reg0_U18                       9.816e-05   7.296e-05   0.0001875   1.643e-05  INV_X1
reg0_U27                        9.04e-05   7.868e-05   0.0001855   1.643e-05  INV_X1
reg0_U4                         9.27e-05   7.358e-05   0.0001827   1.643e-05  INV_X1
mult_b0_mult_15_U356            0.000158           0   0.0001792    2.12e-05  NOR2_X1
mult_a0_mult_15_U525            0.000104   4.169e-05   0.0001709   2.513e-05  OR3_X1
mult_b1_mult_15_U516           0.0001024   4.171e-05   0.0001692   2.513e-05  OR3_X1
mult_b1_mult_15_U520           0.0001038   3.896e-05   0.0001679   2.513e-05  OR3_X1
mult_b1_mult_15_U524            0.000103   3.947e-05   0.0001676   2.513e-05  OR3_X1
mult_a0_mult_15_U529            0.000103   3.836e-05   0.0001665   2.513e-05  OR3_X1
mult_a0_mult_15_U521           0.0001023   3.901e-05   0.0001665   2.513e-05  OR3_X1
mult_b1_mult_15_U528           0.0001003   4.039e-05   0.0001659   2.513e-05  OR3_X1
mult_a0_mult_15_U533           0.0001001   3.823e-05   0.0001635   2.513e-05  OR3_X1
mult_b1_mult_15_U328           4.219e-05   9.809e-05   0.0001584   1.812e-05  INV_X1
mult_a0_mult_15_U336           4.218e-05   9.564e-05   0.0001559   1.812e-05  INV_X1
count_U6                       6.095e-05   6.225e-05   0.0001483   2.508e-05  AOI21_X1
mult_b1_mult_15_U489           9.348e-05    4.38e-05   0.0001467   9.439e-06  NAND2_X1
count_U8                        4.26e-05   7.791e-05   0.0001465   2.595e-05  NAND2_X1
mult_a0_mult_15_U494           9.347e-05   4.143e-05   0.0001443   9.439e-06  NAND2_X1
count_U3                       7.839e-05   2.751e-05   0.0001427    3.68e-05  OAI22_X1
count_U4                       7.805e-05    3.27e-05   0.0001339   2.318e-05  OR2_X1
mult_b1_mult_15_U484           7.207e-05   3.993e-05   0.0001226   1.065e-05  NAND3_X1
mult_a0_mult_15_U489           7.203e-05   3.899e-05   0.0001217   1.065e-05  NAND3_X1
count_U12                       5.24e-05   2.298e-05   0.0001026   2.724e-05  AOI22_X1
mult_b1_mult_15_U355           7.472e-05           0   9.735e-05   2.263e-05  NOR2_X1
mult_a0_mult_15_U360           7.466e-05           0   9.729e-05   2.263e-05  NOR2_X1
FE_RC_6_0                      4.987e-05   1.891e-05   9.384e-05   2.507e-05  AND2_X1
FE_RC_30_0                     4.967e-05   1.782e-05   9.256e-05   2.507e-05  AND2_X1
FE_RC_26_0                      4.96e-05   1.733e-05   9.199e-05   2.507e-05  AND2_X1
FE_RC_32_0                     4.943e-05   1.638e-05   9.088e-05   2.507e-05  AND2_X1
FE_RC_34_0                     4.929e-05   1.544e-05   8.979e-05   2.507e-05  AND2_X1
DIN_reg_U7                     3.433e-05   2.221e-05   7.761e-05   2.107e-05  AOI22_X1
DIN_reg_U5                     3.436e-05   2.198e-05   7.741e-05   2.107e-05  AOI22_X1
FE_RC_27_0                     3.479e-05   2.039e-05   7.717e-05     2.2e-05  NOR2_X1
mult_a0_mult_15_U493           4.755e-05   1.723e-05   7.523e-05   1.045e-05  NAND3_X1
mult_b1_mult_15_U488           4.752e-05   1.714e-05   7.512e-05   1.045e-05  NAND3_X1
FE_RC_24_0                     2.866e-05   2.476e-05   7.081e-05   1.739e-05  NAND2_X1
FE_RC_31_0                     2.859e-05    2.39e-05   6.989e-05   1.739e-05  NAND2_X1
count_U5                       2.752e-05   2.859e-05   6.967e-05   1.355e-05  INV_X1
FE_RC_4_0                      2.867e-05   2.336e-05   6.942e-05   1.739e-05  NAND2_X1
FE_RC_33_0                     2.861e-05   2.318e-05   6.919e-05   1.739e-05  NAND2_X1
FE_RC_1_0                      2.761e-05   2.382e-05   6.882e-05   1.739e-05  NAND2_X1
FE_RC_29_0                     2.861e-05    2.21e-05   6.811e-05   1.739e-05  NAND2_X1
count_U7                       1.941e-05   3.458e-05   6.388e-05   9.898e-06  NAND2_X1
mult_b1_mult_15_U338           1.868e-05    2.23e-05   5.533e-05   1.435e-05  INV_X1
mult_a0_mult_15_U348           1.847e-05   2.184e-05   5.467e-05   1.435e-05  INV_X1
count_U11                      2.157e-05   1.054e-05   5.433e-05   2.221e-05  NOR2_X1
DIN_reg_U4                     1.949e-05   1.734e-05   5.331e-05   1.648e-05  INV_X1
DIN_reg_U6                      1.95e-05   1.684e-05   5.282e-05   1.648e-05  INV_X1
DIN_reg_U23                    1.865e-05   1.673e-05   5.186e-05   1.648e-05  INV_X1
DIN_reg_U27                    1.863e-05   1.627e-05   5.137e-05   1.648e-05  INV_X1
DIN_reg_U19                    1.861e-05   1.598e-05   5.107e-05   1.648e-05  INV_X1
DIN_reg_U10                    1.862e-05   1.576e-05   5.086e-05   1.648e-05  INV_X1
DIN_reg_U14                    1.861e-05     1.5e-05   5.008e-05   1.648e-05  INV_X1
FE_RC_3_0                       1.82e-05   1.514e-05   4.982e-05   1.648e-05  INV_X1
count_U14                      1.377e-05   1.737e-05    4.91e-05   1.795e-05  INV_X1
mult_b0_mult_15_U345            1.83e-05   1.397e-05   4.663e-05   1.435e-05  INV_X1
FE_RC_23_0                     1.298e-05   1.618e-05   4.017e-05   1.101e-05  INV_X1

---------------------------------------------------------------------------------------

Total (    986 of    986  )       0.5698      0.5307      1.141     0.04024
Total Capacitance                5.941e-12 F
Power Density                   *** No Die Area ***
